#
# There is insufficient memory for the Java Runtime Environment to continue.
# Native memory allocation (mmap) failed to map 65536 bytes for Failed to commit metaspace.
# Possible reasons:
#   The system is out of physical RAM or swap space
#   The process is running with CompressedOops enabled, and the Java Heap may be blocking the growth of the native heap
# Possible solutions:
#   Reduce memory load on the system
#   Increase physical memory or swap space
#   Check if swap backing store is full
#   Decrease Java heap size (-Xmx/-Xms)
#   Decrease number of Java threads
#   Decrease Java thread stack sizes (-Xss)
#   Set larger code cache with -XX:ReservedCodeCacheSize=
#   JVM is running with Zero Based Compressed Oops mode in which the Java heap is
#     placed in the first 32GB address space. The Java Heap base address is the
#     maximum limit for the native heap growth. Please use -XX:HeapBaseMinAddress
#     to set the Java Heap base and to place the Java Heap above 32GB virtual address.
# This output file may be truncated or incomplete.
#
#  Out of Memory Error (virtualSpaceNode.cpp:110), pid=15764, tid=20904
#
# JRE version: Java(TM) SE Runtime Environment (20.0.1+9) (build 20.0.1+9-29)
# Java VM: Java HotSpot(TM) 64-Bit Server VM (20.0.1+9-29, mixed mode, tiered, compressed oops, compressed class ptrs, g1 gc, windows-amd64)
# No core dump will be written. Minidumps are not enabled by default on client versions of Windows
#

---------------  S U M M A R Y ------------

Command Line: -Dfile.encoding=UTF-8 --module-path=C:\Users\Shao\OneDrive\Y2S1\Data Structure and Algorithm\University\build\classes control.main

Host: 11th Gen Intel(R) Core(TM) i5-1155G7 @ 2.50GHz, 8 cores, 15G,  Windows 11 , 64 bit Build 22621 (10.0.22621.3374)
Time: Fri Apr 26 22:21:11 2024 Malay Peninsula Standard Time elapsed time: 0.239020 seconds (0d 0h 0m 0s)

---------------  T H R E A D  ---------------

Current thread (0x000001a158acd4a0):  JavaThread "main" [_thread_in_vm, id=20904, stack(0x0000005848700000,0x0000005848800000)]

Stack: [0x0000005848700000,0x0000005848800000]
Native frames: (J=compiled Java code, j=interpreted, Vv=VM code, C=native code)
V  [jvm.dll+0x6bb95a]
V  [jvm.dll+0x8485fa]
V  [jvm.dll+0x84a1f5]
V  [jvm.dll+0x84a8f3]
V  [jvm.dll+0x280b0f]
V  [jvm.dll+0x84453b]
V  [jvm.dll+0x65fd86]
V  [jvm.dll+0x1eb4e7]
V  [jvm.dll+0x6627a2]
V  [jvm.dll+0x66258e]
V  [jvm.dll+0x66079e]
V  [jvm.dll+0x26da26]
V  [jvm.dll+0x21bea7]
V  [jvm.dll+0x211780]
V  [jvm.dll+0x59c26c]
V  [jvm.dll+0x7c3693]
V  [jvm.dll+0x7c3774]
V  [jvm.dll+0x46c524]
V  [jvm.dll+0x471a88]
C  [java.dll+0x1971]

Java frames: (J=compiled Java code, j=interpreted, Vv=VM code)
j  java.lang.ClassLoader.defineClass2(Ljava/lang/ClassLoader;Ljava/lang/String;Ljava/nio/ByteBuffer;IILjava/security/ProtectionDomain;Ljava/lang/String;)Ljava/lang/Class;+0 java.base@20.0.1
j  java.lang.ClassLoader.defineClass(Ljava/lang/String;Ljava/nio/ByteBuffer;Ljava/security/ProtectionDomain;)Ljava/lang/Class;+93 java.base@20.0.1
j  java.security.SecureClassLoader.defineClass(Ljava/lang/String;Ljava/nio/ByteBuffer;Ljava/security/CodeSource;)Ljava/lang/Class;+8 java.base@20.0.1
j  jdk.internal.loader.BuiltinClassLoader.defineClass(Ljava/lang/String;Ljdk/internal/loader/BuiltinClassLoader$LoadedModule;)Ljava/lang/Class;+127 java.base@20.0.1
j  jdk.internal.loader.BuiltinClassLoader.findClassInModuleOrNull(Ljdk/internal/loader/BuiltinClassLoader$LoadedModule;Ljava/lang/String;)Ljava/lang/Class;+9 java.base@20.0.1
j  jdk.internal.loader.BuiltinClassLoader.findClass(Ljava/lang/String;Ljava/lang/String;)Ljava/lang/Class;+42 java.base@20.0.1
j  java.lang.ClassLoader.loadClass(Ljava/lang/Module;Ljava/lang/String;)Ljava/lang/Class;+26 java.base@20.0.1
j  java.lang.Class.forName(Ljava/lang/Module;Ljava/lang/String;Ljava/lang/Class;)Ljava/lang/Class;+77 java.base@20.0.1
j  java.lang.Class.forName(Ljava/lang/Module;Ljava/lang/String;)Ljava/lang/Class;+17 java.base@20.0.1
j  java.util.ServiceLoader.loadProvider(Ljdk/internal/module/ServicesCatalog$ServiceProvider;)Ljava/util/ServiceLoader$Provider;+38 java.base@20.0.1
j  java.util.ServiceLoader$ModuleServicesLookupIterator.hasNext()Z+79 java.base@20.0.1
j  java.util.ServiceLoader$2.hasNext()Z+4 java.base@20.0.1
j  java.util.ServiceLoader$3.hasNext()Z+32 java.base@20.0.1
j  sun.util.cldr.CLDRLocaleProviderAdapter.lambda$new$0()Lsun/util/locale/provider/LocaleDataMetaInfo;+10 java.base@20.0.1
j  sun.util.cldr.CLDRLocaleProviderAdapter$$Lambda$25+0x00000008000924e8.run()Ljava/lang/Object;+0 java.base@20.0.1
j  java.security.AccessController.executePrivileged(Ljava/security/PrivilegedExceptionAction;Ljava/security/AccessControlContext;Ljava/lang/Class;)Ljava/lang/Object;+29 java.base@20.0.1
j  java.security.AccessController.doPrivileged(Ljava/security/PrivilegedExceptionAction;)Ljava/lang/Object;+9 java.base@20.0.1
j  sun.util.cldr.CLDRLocaleProviderAdapter.<init>()V+9 java.base@20.0.1
j  java.lang.invoke.DirectMethodHandle$Holder.newInvokeSpecial(Ljava/lang/Object;)Ljava/lang/Object;+15 java.base@20.0.1
j  java.lang.invoke.Invokers$Holder.invokeExact_MT(Ljava/lang/Object;Ljava/lang/Object;)Ljava/lang/Object;+18 java.base@20.0.1
j  jdk.internal.reflect.DirectConstructorHandleAccessor.invokeImpl([Ljava/lang/Object;)Ljava/lang/Object;+44 java.base@20.0.1
j  jdk.internal.reflect.DirectConstructorHandleAccessor.newInstance([Ljava/lang/Object;)Ljava/lang/Object;+68 java.base@20.0.1
j  java.lang.reflect.Constructor.newInstanceWithCaller([Ljava/lang/Object;ZLjava/lang/Class;)Ljava/lang/Object;+41 java.base@20.0.1
j  java.lang.reflect.Constructor.newInstance([Ljava/lang/Object;)Ljava/lang/Object;+30 java.base@20.0.1
j  sun.util.locale.provider.LocaleProviderAdapter.forType(Lsun/util/locale/provider/LocaleProviderAdapter$Type;)Lsun/util/locale/provider/LocaleProviderAdapter;+79 java.base@20.0.1
j  sun.util.locale.provider.LocaleProviderAdapter.findAdapter(Ljava/lang/Class;Ljava/util/Locale;)Lsun/util/locale/provider/LocaleProviderAdapter;+29 java.base@20.0.1
j  sun.util.locale.provider.LocaleProviderAdapter.getAdapter(Ljava/lang/Class;Ljava/util/Locale;)Lsun/util/locale/provider/LocaleProviderAdapter;+55 java.base@20.0.1
j  java.text.NumberFormat.getInstance(Ljava/util/Locale;Ljava/text/NumberFormat$Style;I)Ljava/text/NumberFormat;+3 java.base@20.0.1
j  java.text.NumberFormat.getNumberInstance(Ljava/util/Locale;)Ljava/text/NumberFormat;+3 java.base@20.0.1
j  java.util.Scanner.useLocale(Ljava/util/Locale;)Ljava/util/Scanner;+31 java.base@20.0.1
j  java.util.Scanner.<init>(Ljava/lang/Readable;Ljava/util/regex/Pattern;)V+243 java.base@20.0.1
j  java.util.Scanner.<init>(Ljava/io/InputStream;)V+12 java.base@20.0.1
j  control.main.main([Ljava/lang/String;)V+7
v  ~StubRoutines::call_stub 0x000001a1680b10e7

---------------  P R O C E S S  ---------------

Threads class SMR info:
_java_thread_list=0x000001a104300500, length=12, elements={
0x000001a158acd4a0, 0x000001a10405d550, 0x000001a10405e440, 0x000001a10409e8d0,
0x000001a1040a0420, 0x000001a1040a1050, 0x000001a1040a49b0, 0x000001a1040a5750,
0x000001a1040c0520, 0x000001a1779571f0, 0x000001a1040c1b60, 0x000001a10436ed90
}

Java Threads: ( => current thread )
=>0x000001a158acd4a0 JavaThread "main" [_thread_in_vm, id=20904, stack(0x0000005848700000,0x0000005848800000)]
  0x000001a10405d550 JavaThread "Reference Handler" daemon [_thread_blocked, id=19760, stack(0x0000005848e00000,0x0000005848f00000)]
  0x000001a10405e440 JavaThread "Finalizer" daemon [_thread_blocked, id=19520, stack(0x0000005848f00000,0x0000005849000000)]
  0x000001a10409e8d0 JavaThread "Signal Dispatcher" daemon [_thread_blocked, id=9948, stack(0x0000005849000000,0x0000005849100000)]
  0x000001a1040a0420 JavaThread "Attach Listener" daemon [_thread_blocked, id=24492, stack(0x0000005849100000,0x0000005849200000)]
  0x000001a1040a1050 JavaThread "Service Thread" daemon [_thread_blocked, id=3376, stack(0x0000005849200000,0x0000005849300000)]
  0x000001a1040a49b0 JavaThread "Monitor Deflation Thread" daemon [_thread_blocked, id=1748, stack(0x0000005849300000,0x0000005849400000)]
  0x000001a1040a5750 JavaThread "C2 CompilerThread0" daemon [_thread_blocked, id=19544, stack(0x0000005849400000,0x0000005849500000)]
  0x000001a1040c0520 JavaThread "C1 CompilerThread0" daemon [_thread_blocked, id=16068, stack(0x0000005849500000,0x0000005849600000)]
  0x000001a1779571f0 JavaThread "Common-Cleaner" daemon [_thread_blocked, id=19204, stack(0x0000005849600000,0x0000005849700000)]
  0x000001a1040c1b60 JavaThread "C2 CompilerThread1" daemon [_thread_blocked, id=13212, stack(0x0000005849700000,0x0000005849800000)]
  0x000001a10436ed90 JavaThread "Notification Thread" daemon [_thread_blocked, id=24040, stack(0x0000005849800000,0x0000005849900000)]

Other Threads:
  0x000001a1779ae9f0 VMThread "VM Thread" [stack: 0x0000005848d00000,0x0000005848e00000] [id=10800]
  0x000001a10435c020 WatcherThread "VM Periodic Task Thread" [stack: 0x0000005849900000,0x0000005849a00000] [id=23512]
  0x000001a158b3d2a0 WorkerThread "GC Thread#0" [stack: 0x0000005848800000,0x0000005848900000] [id=20844]
  0x000001a158b4ddc0 ConcurrentGCThread "G1 Main Marker" [stack: 0x0000005848900000,0x0000005848a00000] [id=1764]
  0x000001a158b4e7f0 WorkerThread "G1 Conc#0" [stack: 0x0000005848a00000,0x0000005848b00000] [id=17684]
  0x000001a158b8e6e0 ConcurrentGCThread "G1 Refine#0" [stack: 0x0000005848b00000,0x0000005848c00000] [id=22368]
  0x000001a17782b250 ConcurrentGCThread "G1 Service" [stack: 0x0000005848c00000,0x0000005848d00000] [id=25260]

Threads with active compile tasks:

VM state: not at safepoint (normal execution)

VM Mutex/Monitor currently owned by a thread:  ([mutex/lock_event])
[0x000001a158acac90] Metaspace_lock - owner thread: 0x000001a158acd4a0

Heap address: 0x0000000703e00000, size: 4034 MB, Compressed Oops mode: Zero based, Oop shift amount: 3

CDS archive(s) not mapped
Compressed class space mapped at: 0x0000000800000000-0x0000000840000000, reserved size: 1073741824
Narrow klass base: 0x0000000800000000, Narrow klass shift: 0, Narrow klass range: 0x40000000

GC Precious Log:
 CardTable entry size: 512
 Card Set container configuration: InlinePtr #cards 4 size 8 Array Of Cards #cards 16 size 48 Howl #buckets 8 coarsen threshold 3686 Howl Bitmap #cards 512 size 80 coarsen threshold 460 Card regions per heap region 1 cards per card region 4096
 CPUs: 8 total, 8 available
 Memory: 16133M
 Large Page Support: Disabled
 NUMA Support: Disabled
 Compressed Oops: Enabled (Zero based)
 Heap Region Size: 2M
 Heap Min Capacity: 8M
 Heap Initial Capacity: 254M
 Heap Max Capacity: 4034M
 Pre-touch: Disabled
 Parallel Workers: 8
 Concurrent Workers: 2
 Concurrent Refinement Workers: 8
 Periodic GC: Disabled

Heap:
 garbage-first heap   total 260096K, used 2048K [0x0000000703e00000, 0x0000000800000000)
  region size 2048K, 2 young (4096K), 0 survivors (0K)
 Metaspace       used 7200K, committed 7360K, reserved 1114112K
  class space    used 604K, committed 704K, reserved 1048576K

Heap Regions: E=young(eden), S=young(survivor), O=old, HS=humongous(starts), HC=humongous(continues), CS=collection set, F=free, OA=open archive, CA=closed archive, TAMS=top-at-mark-start, PB=parsable bottom
|   0|0x0000000703e00000, 0x0000000703e00000, 0x0000000704000000|  0%| F|  |TAMS 0x0000000703e00000| PB 0x0000000703e00000| Untracked 
|   1|0x0000000704000000, 0x0000000704000000, 0x0000000704200000|  0%| F|  |TAMS 0x0000000704000000| PB 0x0000000704000000| Untracked 
|   2|0x0000000704200000, 0x0000000704200000, 0x0000000704400000|  0%| F|  |TAMS 0x0000000704200000| PB 0x0000000704200000| Untracked 
|   3|0x0000000704400000, 0x0000000704400000, 0x0000000704600000|  0%| F|  |TAMS 0x0000000704400000| PB 0x0000000704400000| Untracked 
|   4|0x0000000704600000, 0x0000000704600000, 0x0000000704800000|  0%| F|  |TAMS 0x0000000704600000| PB 0x0000000704600000| Untracked 
|   5|0x0000000704800000, 0x0000000704800000, 0x0000000704a00000|  0%| F|  |TAMS 0x0000000704800000| PB 0x0000000704800000| Untracked 
|   6|0x0000000704a00000, 0x0000000704a00000, 0x0000000704c00000|  0%| F|  |TAMS 0x0000000704a00000| PB 0x0000000704a00000| Untracked 
|   7|0x0000000704c00000, 0x0000000704c00000, 0x0000000704e00000|  0%| F|  |TAMS 0x0000000704c00000| PB 0x0000000704c00000| Untracked 
|   8|0x0000000704e00000, 0x0000000704e00000, 0x0000000705000000|  0%| F|  |TAMS 0x0000000704e00000| PB 0x0000000704e00000| Untracked 
|   9|0x0000000705000000, 0x0000000705000000, 0x0000000705200000|  0%| F|  |TAMS 0x0000000705000000| PB 0x0000000705000000| Untracked 
|  10|0x0000000705200000, 0x0000000705200000, 0x0000000705400000|  0%| F|  |TAMS 0x0000000705200000| PB 0x0000000705200000| Untracked 
|  11|0x0000000705400000, 0x0000000705400000, 0x0000000705600000|  0%| F|  |TAMS 0x0000000705400000| PB 0x0000000705400000| Untracked 
|  12|0x0000000705600000, 0x0000000705600000, 0x0000000705800000|  0%| F|  |TAMS 0x0000000705600000| PB 0x0000000705600000| Untracked 
|  13|0x0000000705800000, 0x0000000705800000, 0x0000000705a00000|  0%| F|  |TAMS 0x0000000705800000| PB 0x0000000705800000| Untracked 
|  14|0x0000000705a00000, 0x0000000705a00000, 0x0000000705c00000|  0%| F|  |TAMS 0x0000000705a00000| PB 0x0000000705a00000| Untracked 
|  15|0x0000000705c00000, 0x0000000705c00000, 0x0000000705e00000|  0%| F|  |TAMS 0x0000000705c00000| PB 0x0000000705c00000| Untracked 
|  16|0x0000000705e00000, 0x0000000705e00000, 0x0000000706000000|  0%| F|  |TAMS 0x0000000705e00000| PB 0x0000000705e00000| Untracked 
|  17|0x0000000706000000, 0x0000000706000000, 0x0000000706200000|  0%| F|  |TAMS 0x0000000706000000| PB 0x0000000706000000| Untracked 
|  18|0x0000000706200000, 0x0000000706200000, 0x0000000706400000|  0%| F|  |TAMS 0x0000000706200000| PB 0x0000000706200000| Untracked 
|  19|0x0000000706400000, 0x0000000706400000, 0x0000000706600000|  0%| F|  |TAMS 0x0000000706400000| PB 0x0000000706400000| Untracked 
|  20|0x0000000706600000, 0x0000000706600000, 0x0000000706800000|  0%| F|  |TAMS 0x0000000706600000| PB 0x0000000706600000| Untracked 
|  21|0x0000000706800000, 0x0000000706800000, 0x0000000706a00000|  0%| F|  |TAMS 0x0000000706800000| PB 0x0000000706800000| Untracked 
|  22|0x0000000706a00000, 0x0000000706a00000, 0x0000000706c00000|  0%| F|  |TAMS 0x0000000706a00000| PB 0x0000000706a00000| Untracked 
|  23|0x0000000706c00000, 0x0000000706c00000, 0x0000000706e00000|  0%| F|  |TAMS 0x0000000706c00000| PB 0x0000000706c00000| Untracked 
|  24|0x0000000706e00000, 0x0000000706e00000, 0x0000000707000000|  0%| F|  |TAMS 0x0000000706e00000| PB 0x0000000706e00000| Untracked 
|  25|0x0000000707000000, 0x0000000707000000, 0x0000000707200000|  0%| F|  |TAMS 0x0000000707000000| PB 0x0000000707000000| Untracked 
|  26|0x0000000707200000, 0x0000000707200000, 0x0000000707400000|  0%| F|  |TAMS 0x0000000707200000| PB 0x0000000707200000| Untracked 
|  27|0x0000000707400000, 0x0000000707400000, 0x0000000707600000|  0%| F|  |TAMS 0x0000000707400000| PB 0x0000000707400000| Untracked 
|  28|0x0000000707600000, 0x0000000707600000, 0x0000000707800000|  0%| F|  |TAMS 0x0000000707600000| PB 0x0000000707600000| Untracked 
|  29|0x0000000707800000, 0x0000000707800000, 0x0000000707a00000|  0%| F|  |TAMS 0x0000000707800000| PB 0x0000000707800000| Untracked 
|  30|0x0000000707a00000, 0x0000000707a00000, 0x0000000707c00000|  0%| F|  |TAMS 0x0000000707a00000| PB 0x0000000707a00000| Untracked 
|  31|0x0000000707c00000, 0x0000000707c00000, 0x0000000707e00000|  0%| F|  |TAMS 0x0000000707c00000| PB 0x0000000707c00000| Untracked 
|  32|0x0000000707e00000, 0x0000000707e00000, 0x0000000708000000|  0%| F|  |TAMS 0x0000000707e00000| PB 0x0000000707e00000| Untracked 
|  33|0x0000000708000000, 0x0000000708000000, 0x0000000708200000|  0%| F|  |TAMS 0x0000000708000000| PB 0x0000000708000000| Untracked 
|  34|0x0000000708200000, 0x0000000708200000, 0x0000000708400000|  0%| F|  |TAMS 0x0000000708200000| PB 0x0000000708200000| Untracked 
|  35|0x0000000708400000, 0x0000000708400000, 0x0000000708600000|  0%| F|  |TAMS 0x0000000708400000| PB 0x0000000708400000| Untracked 
|  36|0x0000000708600000, 0x0000000708600000, 0x0000000708800000|  0%| F|  |TAMS 0x0000000708600000| PB 0x0000000708600000| Untracked 
|  37|0x0000000708800000, 0x0000000708800000, 0x0000000708a00000|  0%| F|  |TAMS 0x0000000708800000| PB 0x0000000708800000| Untracked 
|  38|0x0000000708a00000, 0x0000000708a00000, 0x0000000708c00000|  0%| F|  |TAMS 0x0000000708a00000| PB 0x0000000708a00000| Untracked 
|  39|0x0000000708c00000, 0x0000000708c00000, 0x0000000708e00000|  0%| F|  |TAMS 0x0000000708c00000| PB 0x0000000708c00000| Untracked 
|  40|0x0000000708e00000, 0x0000000708e00000, 0x0000000709000000|  0%| F|  |TAMS 0x0000000708e00000| PB 0x0000000708e00000| Untracked 
|  41|0x0000000709000000, 0x0000000709000000, 0x0000000709200000|  0%| F|  |TAMS 0x0000000709000000| PB 0x0000000709000000| Untracked 
|  42|0x0000000709200000, 0x0000000709200000, 0x0000000709400000|  0%| F|  |TAMS 0x0000000709200000| PB 0x0000000709200000| Untracked 
|  43|0x0000000709400000, 0x0000000709400000, 0x0000000709600000|  0%| F|  |TAMS 0x0000000709400000| PB 0x0000000709400000| Untracked 
|  44|0x0000000709600000, 0x0000000709600000, 0x0000000709800000|  0%| F|  |TAMS 0x0000000709600000| PB 0x0000000709600000| Untracked 
|  45|0x0000000709800000, 0x0000000709800000, 0x0000000709a00000|  0%| F|  |TAMS 0x0000000709800000| PB 0x0000000709800000| Untracked 
|  46|0x0000000709a00000, 0x0000000709a00000, 0x0000000709c00000|  0%| F|  |TAMS 0x0000000709a00000| PB 0x0000000709a00000| Untracked 
|  47|0x0000000709c00000, 0x0000000709c00000, 0x0000000709e00000|  0%| F|  |TAMS 0x0000000709c00000| PB 0x0000000709c00000| Untracked 
|  48|0x0000000709e00000, 0x0000000709e00000, 0x000000070a000000|  0%| F|  |TAMS 0x0000000709e00000| PB 0x0000000709e00000| Untracked 
|  49|0x000000070a000000, 0x000000070a000000, 0x000000070a200000|  0%| F|  |TAMS 0x000000070a000000| PB 0x000000070a000000| Untracked 
|  50|0x000000070a200000, 0x000000070a200000, 0x000000070a400000|  0%| F|  |TAMS 0x000000070a200000| PB 0x000000070a200000| Untracked 
|  51|0x000000070a400000, 0x000000070a400000, 0x000000070a600000|  0%| F|  |TAMS 0x000000070a400000| PB 0x000000070a400000| Untracked 
|  52|0x000000070a600000, 0x000000070a600000, 0x000000070a800000|  0%| F|  |TAMS 0x000000070a600000| PB 0x000000070a600000| Untracked 
|  53|0x000000070a800000, 0x000000070a800000, 0x000000070aa00000|  0%| F|  |TAMS 0x000000070a800000| PB 0x000000070a800000| Untracked 
|  54|0x000000070aa00000, 0x000000070aa00000, 0x000000070ac00000|  0%| F|  |TAMS 0x000000070aa00000| PB 0x000000070aa00000| Untracked 
|  55|0x000000070ac00000, 0x000000070ac00000, 0x000000070ae00000|  0%| F|  |TAMS 0x000000070ac00000| PB 0x000000070ac00000| Untracked 
|  56|0x000000070ae00000, 0x000000070ae00000, 0x000000070b000000|  0%| F|  |TAMS 0x000000070ae00000| PB 0x000000070ae00000| Untracked 
|  57|0x000000070b000000, 0x000000070b000000, 0x000000070b200000|  0%| F|  |TAMS 0x000000070b000000| PB 0x000000070b000000| Untracked 
|  58|0x000000070b200000, 0x000000070b200000, 0x000000070b400000|  0%| F|  |TAMS 0x000000070b200000| PB 0x000000070b200000| Untracked 
|  59|0x000000070b400000, 0x000000070b400000, 0x000000070b600000|  0%| F|  |TAMS 0x000000070b400000| PB 0x000000070b400000| Untracked 
|  60|0x000000070b600000, 0x000000070b600000, 0x000000070b800000|  0%| F|  |TAMS 0x000000070b600000| PB 0x000000070b600000| Untracked 
|  61|0x000000070b800000, 0x000000070b800000, 0x000000070ba00000|  0%| F|  |TAMS 0x000000070b800000| PB 0x000000070b800000| Untracked 
|  62|0x000000070ba00000, 0x000000070ba00000, 0x000000070bc00000|  0%| F|  |TAMS 0x000000070ba00000| PB 0x000000070ba00000| Untracked 
|  63|0x000000070bc00000, 0x000000070bc00000, 0x000000070be00000|  0%| F|  |TAMS 0x000000070bc00000| PB 0x000000070bc00000| Untracked 
|  64|0x000000070be00000, 0x000000070be00000, 0x000000070c000000|  0%| F|  |TAMS 0x000000070be00000| PB 0x000000070be00000| Untracked 
|  65|0x000000070c000000, 0x000000070c000000, 0x000000070c200000|  0%| F|  |TAMS 0x000000070c000000| PB 0x000000070c000000| Untracked 
|  66|0x000000070c200000, 0x000000070c200000, 0x000000070c400000|  0%| F|  |TAMS 0x000000070c200000| PB 0x000000070c200000| Untracked 
|  67|0x000000070c400000, 0x000000070c400000, 0x000000070c600000|  0%| F|  |TAMS 0x000000070c400000| PB 0x000000070c400000| Untracked 
|  68|0x000000070c600000, 0x000000070c600000, 0x000000070c800000|  0%| F|  |TAMS 0x000000070c600000| PB 0x000000070c600000| Untracked 
|  69|0x000000070c800000, 0x000000070c800000, 0x000000070ca00000|  0%| F|  |TAMS 0x000000070c800000| PB 0x000000070c800000| Untracked 
|  70|0x000000070ca00000, 0x000000070ca00000, 0x000000070cc00000|  0%| F|  |TAMS 0x000000070ca00000| PB 0x000000070ca00000| Untracked 
|  71|0x000000070cc00000, 0x000000070cc00000, 0x000000070ce00000|  0%| F|  |TAMS 0x000000070cc00000| PB 0x000000070cc00000| Untracked 
|  72|0x000000070ce00000, 0x000000070ce00000, 0x000000070d000000|  0%| F|  |TAMS 0x000000070ce00000| PB 0x000000070ce00000| Untracked 
|  73|0x000000070d000000, 0x000000070d000000, 0x000000070d200000|  0%| F|  |TAMS 0x000000070d000000| PB 0x000000070d000000| Untracked 
|  74|0x000000070d200000, 0x000000070d200000, 0x000000070d400000|  0%| F|  |TAMS 0x000000070d200000| PB 0x000000070d200000| Untracked 
|  75|0x000000070d400000, 0x000000070d400000, 0x000000070d600000|  0%| F|  |TAMS 0x000000070d400000| PB 0x000000070d400000| Untracked 
|  76|0x000000070d600000, 0x000000070d600000, 0x000000070d800000|  0%| F|  |TAMS 0x000000070d600000| PB 0x000000070d600000| Untracked 
|  77|0x000000070d800000, 0x000000070d800000, 0x000000070da00000|  0%| F|  |TAMS 0x000000070d800000| PB 0x000000070d800000| Untracked 
|  78|0x000000070da00000, 0x000000070da00000, 0x000000070dc00000|  0%| F|  |TAMS 0x000000070da00000| PB 0x000000070da00000| Untracked 
|  79|0x000000070dc00000, 0x000000070dc00000, 0x000000070de00000|  0%| F|  |TAMS 0x000000070dc00000| PB 0x000000070dc00000| Untracked 
|  80|0x000000070de00000, 0x000000070de00000, 0x000000070e000000|  0%| F|  |TAMS 0x000000070de00000| PB 0x000000070de00000| Untracked 
|  81|0x000000070e000000, 0x000000070e000000, 0x000000070e200000|  0%| F|  |TAMS 0x000000070e000000| PB 0x000000070e000000| Untracked 
|  82|0x000000070e200000, 0x000000070e200000, 0x000000070e400000|  0%| F|  |TAMS 0x000000070e200000| PB 0x000000070e200000| Untracked 
|  83|0x000000070e400000, 0x000000070e400000, 0x000000070e600000|  0%| F|  |TAMS 0x000000070e400000| PB 0x000000070e400000| Untracked 
|  84|0x000000070e600000, 0x000000070e600000, 0x000000070e800000|  0%| F|  |TAMS 0x000000070e600000| PB 0x000000070e600000| Untracked 
|  85|0x000000070e800000, 0x000000070e800000, 0x000000070ea00000|  0%| F|  |TAMS 0x000000070e800000| PB 0x000000070e800000| Untracked 
|  86|0x000000070ea00000, 0x000000070ea00000, 0x000000070ec00000|  0%| F|  |TAMS 0x000000070ea00000| PB 0x000000070ea00000| Untracked 
|  87|0x000000070ec00000, 0x000000070ec00000, 0x000000070ee00000|  0%| F|  |TAMS 0x000000070ec00000| PB 0x000000070ec00000| Untracked 
|  88|0x000000070ee00000, 0x000000070ee00000, 0x000000070f000000|  0%| F|  |TAMS 0x000000070ee00000| PB 0x000000070ee00000| Untracked 
|  89|0x000000070f000000, 0x000000070f000000, 0x000000070f200000|  0%| F|  |TAMS 0x000000070f000000| PB 0x000000070f000000| Untracked 
|  90|0x000000070f200000, 0x000000070f200000, 0x000000070f400000|  0%| F|  |TAMS 0x000000070f200000| PB 0x000000070f200000| Untracked 
|  91|0x000000070f400000, 0x000000070f400000, 0x000000070f600000|  0%| F|  |TAMS 0x000000070f400000| PB 0x000000070f400000| Untracked 
|  92|0x000000070f600000, 0x000000070f600000, 0x000000070f800000|  0%| F|  |TAMS 0x000000070f600000| PB 0x000000070f600000| Untracked 
|  93|0x000000070f800000, 0x000000070f800000, 0x000000070fa00000|  0%| F|  |TAMS 0x000000070f800000| PB 0x000000070f800000| Untracked 
|  94|0x000000070fa00000, 0x000000070fa00000, 0x000000070fc00000|  0%| F|  |TAMS 0x000000070fa00000| PB 0x000000070fa00000| Untracked 
|  95|0x000000070fc00000, 0x000000070fc00000, 0x000000070fe00000|  0%| F|  |TAMS 0x000000070fc00000| PB 0x000000070fc00000| Untracked 
|  96|0x000000070fe00000, 0x000000070fe00000, 0x0000000710000000|  0%| F|  |TAMS 0x000000070fe00000| PB 0x000000070fe00000| Untracked 
|  97|0x0000000710000000, 0x0000000710000000, 0x0000000710200000|  0%| F|  |TAMS 0x0000000710000000| PB 0x0000000710000000| Untracked 
|  98|0x0000000710200000, 0x0000000710200000, 0x0000000710400000|  0%| F|  |TAMS 0x0000000710200000| PB 0x0000000710200000| Untracked 
|  99|0x0000000710400000, 0x0000000710400000, 0x0000000710600000|  0%| F|  |TAMS 0x0000000710400000| PB 0x0000000710400000| Untracked 
| 100|0x0000000710600000, 0x0000000710600000, 0x0000000710800000|  0%| F|  |TAMS 0x0000000710600000| PB 0x0000000710600000| Untracked 
| 101|0x0000000710800000, 0x0000000710800000, 0x0000000710a00000|  0%| F|  |TAMS 0x0000000710800000| PB 0x0000000710800000| Untracked 
| 102|0x0000000710a00000, 0x0000000710a00000, 0x0000000710c00000|  0%| F|  |TAMS 0x0000000710a00000| PB 0x0000000710a00000| Untracked 
| 103|0x0000000710c00000, 0x0000000710c00000, 0x0000000710e00000|  0%| F|  |TAMS 0x0000000710c00000| PB 0x0000000710c00000| Untracked 
| 104|0x0000000710e00000, 0x0000000710e00000, 0x0000000711000000|  0%| F|  |TAMS 0x0000000710e00000| PB 0x0000000710e00000| Untracked 
| 105|0x0000000711000000, 0x0000000711000000, 0x0000000711200000|  0%| F|  |TAMS 0x0000000711000000| PB 0x0000000711000000| Untracked 
| 106|0x0000000711200000, 0x0000000711200000, 0x0000000711400000|  0%| F|  |TAMS 0x0000000711200000| PB 0x0000000711200000| Untracked 
| 107|0x0000000711400000, 0x0000000711400000, 0x0000000711600000|  0%| F|  |TAMS 0x0000000711400000| PB 0x0000000711400000| Untracked 
| 108|0x0000000711600000, 0x0000000711600000, 0x0000000711800000|  0%| F|  |TAMS 0x0000000711600000| PB 0x0000000711600000| Untracked 
| 109|0x0000000711800000, 0x0000000711800000, 0x0000000711a00000|  0%| F|  |TAMS 0x0000000711800000| PB 0x0000000711800000| Untracked 
| 110|0x0000000711a00000, 0x0000000711a00000, 0x0000000711c00000|  0%| F|  |TAMS 0x0000000711a00000| PB 0x0000000711a00000| Untracked 
| 111|0x0000000711c00000, 0x0000000711c00000, 0x0000000711e00000|  0%| F|  |TAMS 0x0000000711c00000| PB 0x0000000711c00000| Untracked 
| 112|0x0000000711e00000, 0x0000000711e00000, 0x0000000712000000|  0%| F|  |TAMS 0x0000000711e00000| PB 0x0000000711e00000| Untracked 
| 113|0x0000000712000000, 0x0000000712000000, 0x0000000712200000|  0%| F|  |TAMS 0x0000000712000000| PB 0x0000000712000000| Untracked 
| 114|0x0000000712200000, 0x0000000712200000, 0x0000000712400000|  0%| F|  |TAMS 0x0000000712200000| PB 0x0000000712200000| Untracked 
| 115|0x0000000712400000, 0x0000000712400000, 0x0000000712600000|  0%| F|  |TAMS 0x0000000712400000| PB 0x0000000712400000| Untracked 
| 116|0x0000000712600000, 0x0000000712600000, 0x0000000712800000|  0%| F|  |TAMS 0x0000000712600000| PB 0x0000000712600000| Untracked 
| 117|0x0000000712800000, 0x0000000712800000, 0x0000000712a00000|  0%| F|  |TAMS 0x0000000712800000| PB 0x0000000712800000| Untracked 
| 118|0x0000000712a00000, 0x0000000712a00000, 0x0000000712c00000|  0%| F|  |TAMS 0x0000000712a00000| PB 0x0000000712a00000| Untracked 
| 119|0x0000000712c00000, 0x0000000712c00000, 0x0000000712e00000|  0%| F|  |TAMS 0x0000000712c00000| PB 0x0000000712c00000| Untracked 
| 120|0x0000000712e00000, 0x0000000712e00000, 0x0000000713000000|  0%| F|  |TAMS 0x0000000712e00000| PB 0x0000000712e00000| Untracked 
| 121|0x0000000713000000, 0x0000000713000000, 0x0000000713200000|  0%| F|  |TAMS 0x0000000713000000| PB 0x0000000713000000| Untracked 
| 122|0x0000000713200000, 0x0000000713200000, 0x0000000713400000|  0%| F|  |TAMS 0x0000000713200000| PB 0x0000000713200000| Untracked 
| 123|0x0000000713400000, 0x0000000713400000, 0x0000000713600000|  0%| F|  |TAMS 0x0000000713400000| PB 0x0000000713400000| Untracked 
| 124|0x0000000713600000, 0x0000000713600000, 0x0000000713800000|  0%| F|  |TAMS 0x0000000713600000| PB 0x0000000713600000| Untracked 
| 125|0x0000000713800000, 0x00000007139c36e0, 0x0000000713a00000| 88%| E|  |TAMS 0x0000000713800000| PB 0x0000000713800000| Complete 
| 126|0x0000000713a00000, 0x0000000713c00000, 0x0000000713c00000|100%| E|CS|TAMS 0x0000000713a00000| PB 0x0000000713a00000| Complete 

Card table byte_map: [0x000001a1706a0000,0x000001a170e90000] _byte_map_base: 0x000001a16ce81000

Marking Bits: (CMBitMap*) 0x000001a158b3d8d0
 Bits: [0x000001a171680000, 0x000001a175588000)

Polling page: 0x000001a156a80000

Metaspace:

Usage:
  Non-class:      6.44 MB used.
      Class:    604.26 KB used.
       Both:      7.03 MB used.

Virtual space:
  Non-class space:       64.00 MB reserved,       6.50 MB ( 10%) committed,  1 nodes.
      Class space:        1.00 GB reserved,     704.00 KB ( <1%) committed,  1 nodes.
             Both:        1.06 GB reserved,       7.19 MB ( <1%) committed. 

Chunk freelists:
   Non-Class:  1020.00 KB
       Class:  3.25 MB
        Both:  4.24 MB

MaxMetaspaceSize: unlimited
CompressedClassSpaceSize: 1.00 GB
Initial GC threshold: 21.00 MB
Current GC threshold: 21.00 MB
CDS: off
MetaspaceReclaimPolicy: balanced
 - commit_granule_bytes: 65536.
 - commit_granule_words: 8192.
 - virtual_space_node_default_size: 8388608.
 - enlarge_chunks_in_place: 1.
 - new_chunks_are_fully_committed: 0.
 - uncommit_free_chunks: 1.
 - use_allocation_guard: 0.


Internal statistics:

num_allocs_failed_limit: 0.
num_arena_births: 10.
num_arena_deaths: 0.
num_vsnodes_births: 2.
num_vsnodes_deaths: 0.
num_space_committed: 115.
num_space_uncommitted: 0.
num_chunks_returned_to_freelist: 0.
num_chunks_taken_from_freelist: 26.
num_chunk_merges: 0.
num_chunk_splits: 9.
num_chunks_enlarged: 2.
num_inconsistent_stats: 0.

CodeHeap 'non-profiled nmethods': size=120000Kb used=76Kb max_used=76Kb free=119923Kb
 bounds [0x000001a168650000, 0x000001a1688c0000, 0x000001a16fb80000]
CodeHeap 'profiled nmethods': size=120000Kb used=246Kb max_used=246Kb free=119753Kb
 bounds [0x000001a160b80000, 0x000001a160df0000, 0x000001a1680b0000]
CodeHeap 'non-nmethods': size=5760Kb used=1426Kb max_used=1432Kb free=4333Kb
 bounds [0x000001a1680b0000, 0x000001a168320000, 0x000001a168650000]
 total_blobs=624 nmethods=233 adapters=302
 compilation: enabled
              stopped_count=0, restarted_count=0
 full_count=0

Compilation events (20 events):
Event: 0.215 Thread 0x000001a1040c0520  221   !   3       java.lang.invoke.MemberName::getMethodType (211 bytes)
Event: 0.216 Thread 0x000001a1040c0520 nmethod 221 0x000001a160bb9d90 code [0x000001a160bba040, 0x000001a160bbb490]
Event: 0.216 Thread 0x000001a1040c0520  224       3       jdk.internal.org.objectweb.asm.ClassReader::readUnsignedShort (26 bytes)
Event: 0.216 Thread 0x000001a1040c0520 nmethod 224 0x000001a160bbb990 code [0x000001a160bbbb20, 0x000001a160bbbc98]
Event: 0.216 Thread 0x000001a1040c0520  223       3       jdk.internal.misc.Unsafe::allocateUninitializedArray0 (90 bytes)
Event: 0.216 Thread 0x000001a1040c0520 nmethod 223 0x000001a160bbbd90 code [0x000001a160bbbfa0, 0x000001a160bbc8e0]
Event: 0.216 Thread 0x000001a1040c0520  225       3       java.lang.StringLatin1::newString (24 bytes)
Event: 0.216 Thread 0x000001a1040c0520 nmethod 225 0x000001a160bbca10 code [0x000001a160bbcbc0, 0x000001a160bbcee0]
Event: 0.226 Thread 0x000001a1040c1b60  228       4       java.lang.StringLatin1::equals (36 bytes)
Event: 0.226 Thread 0x000001a1040c0520  229       3       sun.util.locale.LocaleUtils::isUpper (18 bytes)
Event: 0.226 Thread 0x000001a1040c0520 nmethod 229 0x000001a160bbd010 code [0x000001a160bbd1a0, 0x000001a160bbd320]
Event: 0.226 Thread 0x000001a1040c0520  230       1       sun.util.locale.BaseLocale::getLanguage (5 bytes)
Event: 0.226 Thread 0x000001a1040c0520 nmethod 230 0x000001a168662810 code [0x000001a168662980, 0x000001a168662a50]
Event: 0.228 Thread 0x000001a1040c0520  231       3       java.lang.invoke.MemberName::getReferenceKind (12 bytes)
Event: 0.228 Thread 0x000001a1040c0520 nmethod 231 0x000001a160bbd390 code [0x000001a160bbd520, 0x000001a160bbd638]
Event: 0.228 Thread 0x000001a1040c1b60 nmethod 228 0x000001a168662b10 code [0x000001a168662c80, 0x000001a168662e40]
Event: 0.229 Thread 0x000001a1040c1b60  232       4       java.lang.String::equals (56 bytes)
Event: 0.230 Thread 0x000001a1040c1b60 nmethod 232 0x000001a168662f90 code [0x000001a168663100, 0x000001a1686632e0]
Event: 0.236 Thread 0x000001a1040c0520  233       3       java.lang.ref.Reference::reachabilityFence (1 bytes)
Event: 0.237 Thread 0x000001a1040c0520 nmethod 233 0x000001a160bbd710 code [0x000001a160bbd8a0, 0x000001a160bbd990]

GC Heap History (0 events):
No events

Dll operation events (5 events):
Event: 0.011 Loaded shared library D:\Java\jdk-20\bin\java.dll
Event: 0.043 Loaded shared library D:\Java\jdk-20\bin\jsvml.dll
Event: 0.176 Loaded shared library D:\Java\jdk-20\bin\net.dll
Event: 0.181 Loaded shared library D:\Java\jdk-20\bin\nio.dll
Event: 0.233 Loaded shared library D:\Java\jdk-20\bin\jimage.dll

Deoptimization events (0 events):
No events

Classes loaded (20 events):
Event: 0.234 Loading class jdk/internal/jimage/ImageHeader
Event: 0.234 Loading class jdk/internal/jimage/ImageHeader done
Event: 0.234 Loading class java/nio/DirectIntBufferU
Event: 0.234 Loading class java/nio/IntBuffer
Event: 0.235 Loading class java/nio/IntBuffer done
Event: 0.235 Loading class java/nio/DirectIntBufferU done
Event: 0.235 Loading class java/nio/DirectByteBufferR
Event: 0.235 Loading class java/nio/DirectByteBufferR done
Event: 0.235 Loading class java/nio/DirectIntBufferRU
Event: 0.235 Loading class java/nio/DirectIntBufferRU done
Event: 0.235 Loading class jdk/internal/jimage/ImageStringsReader
Event: 0.236 Loading class jdk/internal/jimage/ImageStrings
Event: 0.236 Loading class jdk/internal/jimage/ImageStrings done
Event: 0.236 Loading class jdk/internal/jimage/ImageStringsReader done
Event: 0.236 Loading class jdk/internal/jimage/decompressor/Decompressor
Event: 0.236 Loading class jdk/internal/jimage/decompressor/Decompressor done
Event: 0.236 Loading class jdk/internal/jimage/ImageLocation
Event: 0.236 Loading class jdk/internal/jimage/ImageLocation done
Event: 0.236 Loading class sun/net/www/protocol/jrt/Handler
Event: 0.236 Loading class sun/net/www/protocol/jrt/Handler done

Classes unloaded (0 events):
No events

Classes redefined (0 events):
No events

Internal exceptions (9 events):
Event: 0.183 Thread 0x000001a158acd4a0 Exception <a 'sun/nio/fs/WindowsException'{0x0000000713898d78}> (0x0000000713898d78) 
thrown [s\open\src\hotspot\share\prims\jni.cpp, line 519]
Event: 0.184 Thread 0x000001a158acd4a0 Exception <a 'sun/nio/fs/WindowsException'{0x000000071389b328}> (0x000000071389b328) 
thrown [s\open\src\hotspot\share\prims\jni.cpp, line 519]
Event: 0.185 Thread 0x000001a158acd4a0 Exception <a 'sun/nio/fs/WindowsException'{0x000000071389be78}> (0x000000071389be78) 
thrown [s\open\src\hotspot\share\prims\jni.cpp, line 519]
Event: 0.185 Thread 0x000001a158acd4a0 Exception <a 'sun/nio/fs/WindowsException'{0x000000071389c9c8}> (0x000000071389c9c8) 
thrown [s\open\src\hotspot\share\prims\jni.cpp, line 519]
Event: 0.185 Thread 0x000001a158acd4a0 Exception <a 'sun/nio/fs/WindowsException'{0x000000071389d4e8}> (0x000000071389d4e8) 
thrown [s\open\src\hotspot\share\prims\jni.cpp, line 519]
Event: 0.185 Thread 0x000001a158acd4a0 Exception <a 'sun/nio/fs/WindowsException'{0x000000071389e020}> (0x000000071389e020) 
thrown [s\open\src\hotspot\share\prims\jni.cpp, line 519]
Event: 0.186 Thread 0x000001a158acd4a0 Exception <a 'sun/nio/fs/WindowsException'{0x000000071389eb80}> (0x000000071389eb80) 
thrown [s\open\src\hotspot\share\prims\jni.cpp, line 519]
Event: 0.186 Thread 0x000001a158acd4a0 Exception <a 'sun/nio/fs/WindowsException'{0x000000071389f6e8}> (0x000000071389f6e8) 
thrown [s\open\src\hotspot\share\prims\jni.cpp, line 519]
Event: 0.186 Thread 0x000001a158acd4a0 Exception <a 'sun/nio/fs/WindowsException'{0x00000007138a0238}> (0x00000007138a0238) 
thrown [s\open\src\hotspot\share\prims\jni.cpp, line 519]

VM Operations (2 events):
Event: 0.188 Executing VM operation: HandshakeAllThreads
Event: 0.188 Executing VM operation: HandshakeAllThreads done

Events (12 events):
Event: 0.044 Thread 0x000001a158acd4a0 Thread added: 0x000001a158acd4a0
Event: 0.076 Thread 0x000001a10405d550 Thread added: 0x000001a10405d550
Event: 0.076 Thread 0x000001a10405e440 Thread added: 0x000001a10405e440
Event: 0.078 Thread 0x000001a10409e8d0 Thread added: 0x000001a10409e8d0
Event: 0.078 Thread 0x000001a1040a0420 Thread added: 0x000001a1040a0420
Event: 0.078 Thread 0x000001a1040a1050 Thread added: 0x000001a1040a1050
Event: 0.078 Thread 0x000001a1040a49b0 Thread added: 0x000001a1040a49b0
Event: 0.078 Thread 0x000001a1040a5750 Thread added: 0x000001a1040a5750
Event: 0.078 Thread 0x000001a1040c0520 Thread added: 0x000001a1040c0520
Event: 0.150 Thread 0x000001a1779571f0 Thread added: 0x000001a1779571f0
Event: 0.195 Thread 0x000001a1040c1b60 Thread added: 0x000001a1040c1b60
Event: 0.200 Thread 0x000001a10436ed90 Thread added: 0x000001a10436ed90


Dynamic libraries:
0x00007ff7b1d80000 - 0x00007ff7b1d90000 	D:\Java\jdk-20\bin\java.exe
0x00007ff8e8510000 - 0x00007ff8e8726000 	C:\WINDOWS\SYSTEM32\ntdll.dll
0x00007ff8e7160000 - 0x00007ff8e7224000 	C:\WINDOWS\System32\KERNEL32.DLL
0x00007ff8e5d00000 - 0x00007ff8e60a7000 	C:\WINDOWS\System32\KERNELBASE.dll
0x00007ff8e59d0000 - 0x00007ff8e5ae1000 	C:\WINDOWS\System32\ucrtbase.dll
0x00007ff8b2ff0000 - 0x00007ff8b300b000 	D:\Java\jdk-20\bin\VCRUNTIME140.dll
0x00007ff8dda40000 - 0x00007ff8dda59000 	D:\Java\jdk-20\bin\jli.dll
0x00007ff8e7400000 - 0x00007ff8e74b2000 	C:\WINDOWS\System32\ADVAPI32.dll
0x00007ff8e8300000 - 0x00007ff8e83a7000 	C:\WINDOWS\System32\msvcrt.dll
0x00007ff8e6a60000 - 0x00007ff8e6b08000 	C:\WINDOWS\System32\sechost.dll
0x00007ff8e5af0000 - 0x00007ff8e5b18000 	C:\WINDOWS\System32\bcrypt.dll
0x00007ff8e6f40000 - 0x00007ff8e7055000 	C:\WINDOWS\System32\RPCRT4.dll
0x00007ff8e7860000 - 0x00007ff8e7a0e000 	C:\WINDOWS\System32\USER32.dll
0x00007ff8e5830000 - 0x00007ff8e5856000 	C:\WINDOWS\System32\win32u.dll
0x00007ff8e73c0000 - 0x00007ff8e73e9000 	C:\WINDOWS\System32\GDI32.dll
0x00007ff8e5be0000 - 0x00007ff8e5cf9000 	C:\WINDOWS\System32\gdi32full.dll
0x00007ff8c8930000 - 0x00007ff8c8bc3000 	C:\WINDOWS\WinSxS\amd64_microsoft.windows.common-controls_6595b64144ccf1df_6.0.22621.3235_none_270f74e173860f98\COMCTL32.dll
0x00007ff8e60b0000 - 0x00007ff8e614a000 	C:\WINDOWS\System32\msvcp_win.dll
0x00007ff8dca00000 - 0x00007ff8dca0a000 	C:\WINDOWS\SYSTEM32\VERSION.dll
0x00007ff8e7700000 - 0x00007ff8e7731000 	C:\WINDOWS\System32\IMM32.DLL
0x00007ff8ce960000 - 0x00007ff8ce96c000 	D:\Java\jdk-20\bin\vcruntime140_1.dll
0x00007ff892b60000 - 0x00007ff892bee000 	D:\Java\jdk-20\bin\msvcp140.dll
0x00007ff888ac0000 - 0x00007ff889757000 	D:\Java\jdk-20\bin\server\jvm.dll
0x00007ff8c3b20000 - 0x00007ff8c3b29000 	C:\WINDOWS\SYSTEM32\WSOCK32.dll
0x00007ff8dd8a0000 - 0x00007ff8dd8d4000 	C:\WINDOWS\SYSTEM32\WINMM.dll
0x00007ff8e6b10000 - 0x00007ff8e6b81000 	C:\WINDOWS\System32\WS2_32.dll
0x00007ff8e4870000 - 0x00007ff8e4888000 	C:\WINDOWS\SYSTEM32\kernel.appcore.dll
0x00007ff8c9bb0000 - 0x00007ff8c9bba000 	D:\Java\jdk-20\bin\jimage.dll
0x00007ff8e2d30000 - 0x00007ff8e2f63000 	C:\WINDOWS\SYSTEM32\DBGHELP.DLL
0x00007ff8e66d0000 - 0x00007ff8e6a58000 	C:\WINDOWS\System32\combase.dll
0x00007ff8e7230000 - 0x00007ff8e7307000 	C:\WINDOWS\System32\OLEAUT32.dll
0x00007ff8bf350000 - 0x00007ff8bf382000 	C:\WINDOWS\SYSTEM32\dbgcore.DLL
0x00007ff8e61c0000 - 0x00007ff8e6239000 	C:\WINDOWS\System32\bcryptPrimitives.dll
0x00007ff8b6350000 - 0x00007ff8b6376000 	D:\Java\jdk-20\bin\java.dll
0x00007ff8b6270000 - 0x00007ff8b6347000 	D:\Java\jdk-20\bin\jsvml.dll
0x00007ff8e7a10000 - 0x00007ff8e826c000 	C:\WINDOWS\System32\SHELL32.dll
0x00007ff8e3790000 - 0x00007ff8e4089000 	C:\WINDOWS\SYSTEM32\windows.storage.dll
0x00007ff8e3650000 - 0x00007ff8e378e000 	C:\WINDOWS\SYSTEM32\wintypes.dll
0x00007ff8e7740000 - 0x00007ff8e7833000 	C:\WINDOWS\System32\SHCORE.dll
0x00007ff8e8420000 - 0x00007ff8e847e000 	C:\WINDOWS\System32\shlwapi.dll
0x00007ff8e5760000 - 0x00007ff8e5781000 	C:\WINDOWS\SYSTEM32\profapi.dll
0x00007ff8c8230000 - 0x00007ff8c8243000 	D:\Java\jdk-20\bin\net.dll
0x00007ff8dff30000 - 0x00007ff8e0066000 	C:\WINDOWS\SYSTEM32\WINHTTP.dll
0x00007ff8e4ce0000 - 0x00007ff8e4d49000 	C:\WINDOWS\system32\mswsock.dll
0x00007ff8b6200000 - 0x00007ff8b6216000 	D:\Java\jdk-20\bin\nio.dll

dbghelp: loaded successfully - version: 4.0.5 - missing functions: none
symbol engine: initialized successfully - sym options: 0x614 - pdb path: .;D:\Java\jdk-20\bin;C:\WINDOWS\SYSTEM32;C:\WINDOWS\WinSxS\amd64_microsoft.windows.common-controls_6595b64144ccf1df_6.0.22621.3235_none_270f74e173860f98;D:\Java\jdk-20\bin\server

VM Arguments:
jvm_args: -Dfile.encoding=UTF-8 --module-path=C:\Users\Shao\OneDrive\Y2S1\Data Structure and Algorithm\University\build\classes 
java_command: control.main
java_class_path (initial): C:\Users\Shao\OneDrive\Y2S1\Data Structure and Algorithm\University\build\classes
Launcher Type: SUN_STANDARD

[Global flags]
     intx CICompilerCount                          = 4                                         {product} {ergonomic}
     uint ConcGCThreads                            = 2                                         {product} {ergonomic}
     uint G1ConcRefinementThreads                  = 8                                         {product} {ergonomic}
   size_t G1HeapRegionSize                         = 2097152                                   {product} {ergonomic}
    uintx GCDrainStackTargetSize                   = 64                                        {product} {ergonomic}
   size_t InitialHeapSize                          = 266338304                                 {product} {ergonomic}
   size_t MarkStackSize                            = 4194304                                   {product} {ergonomic}
   size_t MaxHeapSize                              = 4229955584                                {product} {ergonomic}
   size_t MaxNewSize                               = 2537553920                                {product} {ergonomic}
   size_t MinHeapDeltaBytes                        = 2097152                                   {product} {ergonomic}
   size_t MinHeapSize                              = 8388608                                   {product} {ergonomic}
    uintx NonNMethodCodeHeapSize                   = 5839372                                {pd product} {ergonomic}
    uintx NonProfiledCodeHeapSize                  = 122909434                              {pd product} {ergonomic}
    uintx ProfiledCodeHeapSize                     = 122909434                              {pd product} {ergonomic}
    uintx ReservedCodeCacheSize                    = 251658240                              {pd product} {ergonomic}
     bool SegmentedCodeCache                       = true                                      {product} {ergonomic}
   size_t SoftMaxHeapSize                          = 4229955584                             {manageable} {ergonomic}
     bool UseCompressedClassPointers               = true                           {product lp64_product} {ergonomic}
     bool UseCompressedOops                        = true                           {product lp64_product} {ergonomic}
     bool UseG1GC                                  = true                                      {product} {ergonomic}
     bool UseLargePagesIndividualAllocation        = false                                  {pd product} {ergonomic}

Logging:
Log output configuration:
 #0: stdout all=warning uptime,level,tags foldmultilines=false
 #1: stderr all=off uptime,level,tags foldmultilines=false

Environment Variables:
PATH=C:\Users\Shao\Desktop\TarUMT\2023SEM2\Database\app\oracle\product\11.2.0\server\bin;;C:\Program Files\Common Files\Oracle\Java\javapath;C:\Program Files (x86)\Common Files\Oracle\Java\javapath;C:\ProgramData\Oracle\Java\javapath;C:\WINDOWS\system32;C:\WINDOWS;C:\WINDOWS\System32\Wbem;C:\WINDOWS\System32\WindowsPowerShell\v1.0\;C:\WINDOWS\System32\OpenSSH\;C:\Program Files (x86)\Windows Kits\10\Windows Performance Toolkit\;C:\Users\Shao\AppData\Local\Microsoft\WindowsApps;C:\Users\Shao\Desktop\TarUMT\Web Development\Microsoft VS Code\bin;C:\MinGW\bin;
USERNAME=Shao
OS=Windows_NT
PROCESSOR_IDENTIFIER=Intel64 Family 6 Model 140 Stepping 2, GenuineIntel
TMP=C:\Users\Shao\AppData\Local\Temp
TEMP=C:\Users\Shao\AppData\Local\Temp




---------------  S Y S T E M  ---------------

OS:
 Windows 11 , 64 bit Build 22621 (10.0.22621.3374)
OS uptime: 1 days 15:14 hours

CPU: total 8 (initial active 8) (4 cores per cpu, 2 threads per core) family 6 model 140 stepping 2 microcode 0x2c, cx8, cmov, fxsr, ht, mmx, 3dnowpref, sse, sse2, sse3, ssse3, sse4.1, sse4.2, popcnt, lzcnt, tsc, tscinvbit, avx, avx2, aes, erms, clmul, bmi1, bmi2, adx, avx512f, avx512dq, avx512cd, avx512bw, avx512vl, sha, fma, vzeroupper, avx512_vpopcntdq, avx512_vpclmulqdq, avx512_vaes, avx512_vnni, clflush, clflushopt, clwb, avx512_vbmi2, avx512_vbmi, rdtscp, rdpid, fsrm, gfni, avx512_bitalg, f16c, pku, cet_ibt, cet_ss, avx512_ifma

Memory: 4k page, system-wide physical 16133M (6114M free)
TotalPageFile size 16133M (AvailPageFile size 1M)
current process WorkingSet (physical memory assigned to process): 35M, peak: 35M
current process commit charge ("private bytes"): 335M, peak: 335M

vm_info: Java HotSpot(TM) 64-Bit Server VM (20.0.1+9-29) for windows-amd64 JRE (20.0.1+9-29), built on 2023-03-07T13:56:11Z by "mach5one" with MS VC++ 17.1 (VS2022)

END.
