#
# There is insufficient memory for the Java Runtime Environment to continue.
# Native memory allocation (mmap) failed to map 266338304 bytes for G1 virtual space
# Possible reasons:
#   The system is out of physical RAM or swap space
#   The process is running with CompressedOops enabled, and the Java Heap may be blocking the growth of the native heap
# Possible solutions:
#   Reduce memory load on the system
#   Increase physical memory or swap space
#   Check if swap backing store is full
#   Decrease Java heap size (-Xmx/-Xms)
#   Decrease number of Java threads
#   Decrease Java thread stack sizes (-Xss)
#   Set larger code cache with -XX:ReservedCodeCacheSize=
#   JVM is running with Zero Based Compressed Oops mode in which the Java heap is
#     placed in the first 32GB address space. The Java Heap base address is the
#     maximum limit for the native heap growth. Please use -XX:HeapBaseMinAddress
#     to set the Java Heap base and to place the Java Heap above 32GB virtual address.
# This output file may be truncated or incomplete.
#
#  Out of Memory Error (os_windows.cpp:3528), pid=32720, tid=37892
#
# JRE version:  (20.0.1+9) (build )
# Java VM: Java HotSpot(TM) 64-Bit Server VM (20.0.1+9-29, mixed mode, sharing, tiered, compressed oops, compressed class ptrs, g1 gc, windows-amd64)
# No core dump will be written. Minidumps are not enabled by default on client versions of Windows
#

---------------  S U M M A R Y ------------

Command Line: -Dfile.encoding=UTF-8 --module-path=C:\Users\Shao\OneDrive\Y2S1\Data Structure and Algorithm\University\build\classes control.main

Host: 11th Gen Intel(R) Core(TM) i5-1155G7 @ 2.50GHz, 8 cores, 15G,  Windows 11 , 64 bit Build 22621 (10.0.22621.3374)
Time: Mon Apr 15 13:58:28 2024 Malay Peninsula Standard Time elapsed time: 0.014848 seconds (0d 0h 0m 0s)

---------------  T H R E A D  ---------------

Current thread (0x0000025218e5cc60):  JavaThread "Unknown thread" [_thread_in_vm, id=37892, stack(0x0000005676700000,0x0000005676800000)]

Stack: [0x0000005676700000,0x0000005676800000]
Native frames: (J=compiled Java code, j=interpreted, Vv=VM code, C=native code)
V  [jvm.dll+0x6bb95a]
V  [jvm.dll+0x8485fa]
V  [jvm.dll+0x84a1f5]
V  [jvm.dll+0x84a8f3]
V  [jvm.dll+0x280b0f]
V  [jvm.dll+0x6b86e9]
V  [jvm.dll+0x6ad2da]
V  [jvm.dll+0x35adf5]
V  [jvm.dll+0x363016]
V  [jvm.dll+0x3b3b3e]
V  [jvm.dll+0x3b3dc5]
V  [jvm.dll+0x32b50a]
V  [jvm.dll+0x32c32b]
V  [jvm.dll+0x8112bf]
V  [jvm.dll+0x3c0d91]
V  [jvm.dll+0x7fcfe3]
V  [jvm.dll+0x44c76f]
V  [jvm.dll+0x44e0e1]
C  [jli.dll+0x5287]
C  [ucrtbase.dll+0x29333]
C  [KERNEL32.DLL+0x1257d]
C  [ntdll.dll+0x5aa48]


---------------  P R O C E S S  ---------------

Threads class SMR info:
_java_thread_list=0x00007ffd5af5a098, length=0, elements={
}

Java Threads: ( => current thread )

Other Threads:
  0x0000025218ecdbf0 WorkerThread "GC Thread#0" [stack: 0x0000005676800000,0x0000005676900000] [id=33820]
  0x0000025218ede710 ConcurrentGCThread "G1 Main Marker" [stack: 0x0000005676900000,0x0000005676a00000] [id=14464]
  0x0000025218edf140 WorkerThread "G1 Conc#0" [stack: 0x0000005676a00000,0x0000005676b00000] [id=14944]

[error occurred during error reporting (printing all threads), id 0xc0000005, EXCEPTION_ACCESS_VIOLATION (0xc0000005) at pc=0x00007ffd5a73eb47]
VM state: not at safepoint (not fully initialized)

VM Mutex/Monitor currently owned by a thread:  ([mutex/lock_event])
[0x0000025218e57fb0] Heap_lock - owner thread: 0x0000025218e5cc60

Heap address: 0x0000000703e00000, size: 4034 MB, Compressed Oops mode: Zero based, Oop shift amount: 3

CDS archive(s) mapped at: [0x0000000000000000-0x0000000000000000-0x0000000000000000), size 0, SharedBaseAddress: 0x0000000800000000, ArchiveRelocationMode: 0.
Narrow klass base: 0x0000000000000000, Narrow klass shift: 0, Narrow klass range: 0x0

GC Precious Log:
 CardTable entry size: 512
 Card Set container configuration: InlinePtr #cards 4 size 8 Array Of Cards #cards 16 size 48 Howl #buckets 8 coarsen threshold 3686 Howl Bitmap #cards 512 size 80 coarsen threshold 460 Card regions per heap region 1 cards per card region 4096

Heap:
 garbage-first heap   total 0K, used 0K [0x0000000703e00000, 0x0000000800000000)
  region size 2048K, 0 young (0K), 0 survivors (0K)

[error occurred during error reporting (printing heap information), id 0xc0000005, EXCEPTION_ACCESS_VIOLATION (0xc0000005) at pc=0x00007ffd5ab13c59]
GC Heap History (0 events):
No events

Dll operation events (1 events):
Event: 0.010 Loaded shared library D:\Java\jdk-20\bin\java.dll

Deoptimization events (0 events):
No events

Classes loaded (0 events):
No events

Classes unloaded (0 events):
No events

Classes redefined (0 events):
No events

Internal exceptions (0 events):
No events

VM Operations (0 events):
No events

Events (0 events):
No events


Dynamic libraries:
0x00007ff64f490000 - 0x00007ff64f4a0000 	D:\Java\jdk-20\bin\java.exe
0x00007ffdb7c50000 - 0x00007ffdb7e66000 	C:\WINDOWS\SYSTEM32\ntdll.dll
0x00007ffdb7400000 - 0x00007ffdb74c4000 	C:\WINDOWS\System32\KERNEL32.DLL
0x00007ffdb5270000 - 0x00007ffdb5617000 	C:\WINDOWS\System32\KERNELBASE.dll
0x00007ffdb4ff0000 - 0x00007ffdb5101000 	C:\WINDOWS\System32\ucrtbase.dll
0x00007ffdac6b0000 - 0x00007ffdac6c9000 	D:\Java\jdk-20\bin\jli.dll
0x00007ffd90c50000 - 0x00007ffd90c6b000 	D:\Java\jdk-20\bin\VCRUNTIME140.dll
0x00007ffdb7620000 - 0x00007ffdb76d2000 	C:\WINDOWS\System32\ADVAPI32.dll
0x00007ffdb7570000 - 0x00007ffdb7617000 	C:\WINDOWS\System32\msvcrt.dll
0x00007ffdb59c0000 - 0x00007ffdb5a68000 	C:\WINDOWS\System32\sechost.dll
0x00007ffdb5110000 - 0x00007ffdb5138000 	C:\WINDOWS\System32\bcrypt.dll
0x00007ffdb5e90000 - 0x00007ffdb5fa5000 	C:\WINDOWS\System32\RPCRT4.dll
0x00007ffdb7250000 - 0x00007ffdb73fe000 	C:\WINDOWS\System32\USER32.dll
0x00007ffdb5790000 - 0x00007ffdb57b6000 	C:\WINDOWS\System32\win32u.dll
0x00007ffd97f60000 - 0x00007ffd981f3000 	C:\WINDOWS\WinSxS\amd64_microsoft.windows.common-controls_6595b64144ccf1df_6.0.22621.3235_none_270f74e173860f98\COMCTL32.dll
0x00007ffdb7220000 - 0x00007ffdb7249000 	C:\WINDOWS\System32\GDI32.dll
0x00007ffdb5860000 - 0x00007ffdb5979000 	C:\WINDOWS\System32\gdi32full.dll
0x00007ffdb57c0000 - 0x00007ffdb585a000 	C:\WINDOWS\System32\msvcp_win.dll
0x00007ffdad640000 - 0x00007ffdad64a000 	C:\WINDOWS\SYSTEM32\VERSION.dll
0x00007ffdb5980000 - 0x00007ffdb59b1000 	C:\WINDOWS\System32\IMM32.DLL
0x00007ffda5780000 - 0x00007ffda578c000 	D:\Java\jdk-20\bin\vcruntime140_1.dll
0x00007ffd62830000 - 0x00007ffd628be000 	D:\Java\jdk-20\bin\msvcp140.dll
0x00007ffd5a400000 - 0x00007ffd5b097000 	D:\Java\jdk-20\bin\server\jvm.dll
0x00007ffd9de50000 - 0x00007ffd9de59000 	C:\WINDOWS\SYSTEM32\WSOCK32.dll
0x00007ffdad6d0000 - 0x00007ffdad704000 	C:\WINDOWS\SYSTEM32\WINMM.dll
0x00007ffdb68f0000 - 0x00007ffdb6961000 	C:\WINDOWS\System32\WS2_32.dll
0x00007ffdb3fc0000 - 0x00007ffdb3fd8000 	C:\WINDOWS\SYSTEM32\kernel.appcore.dll
0x00007ffda47e0000 - 0x00007ffda47ea000 	D:\Java\jdk-20\bin\jimage.dll
0x00007ffdb23a0000 - 0x00007ffdb25d3000 	C:\WINDOWS\SYSTEM32\DBGHELP.DLL
0x00007ffdb5a70000 - 0x00007ffdb5df8000 	C:\WINDOWS\System32\combase.dll
0x00007ffdb78b0000 - 0x00007ffdb7987000 	C:\WINDOWS\System32\OLEAUT32.dll
0x00007ffda89c0000 - 0x00007ffda89f2000 	C:\WINDOWS\SYSTEM32\dbgcore.DLL
0x00007ffdb4f70000 - 0x00007ffdb4fe9000 	C:\WINDOWS\System32\bcryptPrimitives.dll
0x00007ffd7f920000 - 0x00007ffd7f946000 	D:\Java\jdk-20\bin\java.dll

dbghelp: loaded successfully - version: 4.0.5 - missing functions: none
symbol engine: initialized successfully - sym options: 0x614 - pdb path: .;D:\Java\jdk-20\bin;C:\WINDOWS\SYSTEM32;C:\WINDOWS\WinSxS\amd64_microsoft.windows.common-controls_6595b64144ccf1df_6.0.22621.3235_none_270f74e173860f98;D:\Java\jdk-20\bin\server

VM Arguments:
jvm_args: -Dfile.encoding=UTF-8 --module-path=C:\Users\Shao\OneDrive\Y2S1\Data Structure and Algorithm\University\build\classes 
java_command: control.main
java_class_path (initial): C:\Users\Shao\OneDrive\Y2S1\Data Structure and Algorithm\University\build\classes
Launcher Type: SUN_STANDARD

[Global flags]
     intx CICompilerCount                          = 4                                         {product} {ergonomic}
     uint ConcGCThreads                            = 2                                         {product} {ergonomic}
     uint G1ConcRefinementThreads                  = 8                                         {product} {ergonomic}
   size_t G1HeapRegionSize                         = 2097152                                   {product} {ergonomic}
    uintx GCDrainStackTargetSize                   = 64                                        {product} {ergonomic}
   size_t InitialHeapSize                          = 266338304                                 {product} {ergonomic}
   size_t MarkStackSize                            = 4194304                                   {product} {ergonomic}
   size_t MaxHeapSize                              = 4229955584                                {product} {ergonomic}
   size_t MinHeapDeltaBytes                        = 2097152                                   {product} {ergonomic}
   size_t MinHeapSize                              = 8388608                                   {product} {ergonomic}
    uintx NonNMethodCodeHeapSize                   = 5839372                                {pd product} {ergonomic}
    uintx NonProfiledCodeHeapSize                  = 122909434                              {pd product} {ergonomic}
    uintx ProfiledCodeHeapSize                     = 122909434                              {pd product} {ergonomic}
    uintx ReservedCodeCacheSize                    = 251658240                              {pd product} {ergonomic}
     bool SegmentedCodeCache                       = true                                      {product} {ergonomic}
   size_t SoftMaxHeapSize                          = 4229955584                             {manageable} {ergonomic}
     bool UseCompressedClassPointers               = true                           {product lp64_product} {ergonomic}
     bool UseCompressedOops                        = true                           {product lp64_product} {ergonomic}
     bool UseG1GC                                  = true                                      {product} {ergonomic}
     bool UseLargePagesIndividualAllocation        = false                                  {pd product} {ergonomic}

Logging:
Log output configuration:
 #0: stdout all=warning uptime,level,tags foldmultilines=false
 #1: stderr all=off uptime,level,tags foldmultilines=false

Environment Variables:
PATH=C:\Users\Shao\Desktop\TarUMT\2023SEM2\Database\app\oracle\product\11.2.0\server\bin;;C:\Program Files\Common Files\Oracle\Java\javapath;C:\Program Files (x86)\Common Files\Oracle\Java\javapath;C:\ProgramData\Oracle\Java\javapath;C:\WINDOWS\system32;C:\WINDOWS;C:\WINDOWS\System32\Wbem;C:\WINDOWS\System32\WindowsPowerShell\v1.0\;C:\WINDOWS\System32\OpenSSH\;C:\Program Files (x86)\Windows Kits\10\Windows Performance Toolkit\;C:\Users\Shao\AppData\Local\Microsoft\WindowsApps;C:\Users\Shao\Desktop\TarUMT\Web Development\Microsoft VS Code\bin;C:\MinGW\bin;
USERNAME=Shao
OS=Windows_NT
PROCESSOR_IDENTIFIER=Intel64 Family 6 Model 140 Stepping 2, GenuineIntel
TMP=C:\Users\Shao\AppData\Local\Temp
TEMP=C:\Users\Shao\AppData\Local\Temp




---------------  S Y S T E M  ---------------

OS:
 Windows 11 , 64 bit Build 22621 (10.0.22621.3374)
OS uptime: 4 days 21:58 hours

CPU: total 8 (initial active 8) (4 cores per cpu, 2 threads per core) family 6 model 140 stepping 2 microcode 0x2c, cx8, cmov, fxsr, ht, mmx, 3dnowpref, sse, sse2, sse3, ssse3, sse4.1, sse4.2, popcnt, lzcnt, tsc, tscinvbit, avx, avx2, aes, erms, clmul, bmi1, bmi2, adx, avx512f, avx512dq, avx512cd, avx512bw, avx512vl, sha, fma, vzeroupper, avx512_vpopcntdq, avx512_vpclmulqdq, avx512_vaes, avx512_vnni, clflush, clflushopt, clwb, avx512_vbmi2, avx512_vbmi, rdtscp, rdpid, fsrm, gfni, avx512_bitalg, f16c, pku, cet_ibt, cet_ss, avx512_ifma

Memory: 4k page, system-wide physical 16133M (5985M free)
TotalPageFile size 16133M (AvailPageFile size 172M)
current process WorkingSet (physical memory assigned to process): 11M, peak: 11M
current process commit charge ("private bytes"): 60M, peak: 314M

vm_info: Java HotSpot(TM) 64-Bit Server VM (20.0.1+9-29) for windows-amd64 JRE (20.0.1+9-29), built on 2023-03-07T13:56:11Z by "mach5one" with MS VC++ 17.1 (VS2022)

END.
