#
# There is insufficient memory for the Java Runtime Environment to continue.
# Native memory allocation (mmap) failed to map 65536 bytes for Failed to commit metaspace.
# Possible reasons:
#   The system is out of physical RAM or swap space
#   The process is running with CompressedOops enabled, and the Java Heap may be blocking the growth of the native heap
# Possible solutions:
#   Reduce memory load on the system
#   Increase physical memory or swap space
#   Check if swap backing store is full
#   Decrease Java heap size (-Xmx/-Xms)
#   Decrease number of Java threads
#   Decrease Java thread stack sizes (-Xss)
#   Set larger code cache with -XX:ReservedCodeCacheSize=
#   JVM is running with Zero Based Compressed Oops mode in which the Java heap is
#     placed in the first 32GB address space. The Java Heap base address is the
#     maximum limit for the native heap growth. Please use -XX:HeapBaseMinAddress
#     to set the Java Heap base and to place the Java Heap above 32GB virtual address.
# This output file may be truncated or incomplete.
#
#  Out of Memory Error (virtualSpaceNode.cpp:110), pid=3160, tid=32556
#
# JRE version: Java(TM) SE Runtime Environment (20.0.1+9) (build 20.0.1+9-29)
# Java VM: Java HotSpot(TM) 64-Bit Server VM (20.0.1+9-29, mixed mode, sharing, tiered, compressed oops, compressed class ptrs, g1 gc, windows-amd64)
# No core dump will be written. Minidumps are not enabled by default on client versions of Windows
#

---------------  S U M M A R Y ------------

Command Line: -Dfile.encoding=UTF-8 --module-path=C:\Users\Shao\OneDrive\Y2S1\Data Structure and Algorithm\University\build\classes control.main

Host: 11th Gen Intel(R) Core(TM) i5-1155G7 @ 2.50GHz, 8 cores, 15G,  Windows 11 , 64 bit Build 22621 (10.0.22621.3374)
Time: Tue Apr 23 18:58:42 2024 Malay Peninsula Standard Time elapsed time: 4.413906 seconds (0d 0h 0m 4s)

---------------  T H R E A D  ---------------

Current thread (0x000002a083badde0):  JavaThread "main" [_thread_in_vm, id=32556, stack(0x000000d4c2200000,0x000000d4c2300000)]

Stack: [0x000000d4c2200000,0x000000d4c2300000]
Native frames: (J=compiled Java code, j=interpreted, Vv=VM code, C=native code)
V  [jvm.dll+0x6bb95a]
V  [jvm.dll+0x8485fa]
V  [jvm.dll+0x84a1f5]
V  [jvm.dll+0x84a8f3]
V  [jvm.dll+0x280b0f]
V  [jvm.dll+0x84453b]
V  [jvm.dll+0x65fd86]
V  [jvm.dll+0x65fdea]
V  [jvm.dll+0x6626c3]
V  [jvm.dll+0x66258e]
V  [jvm.dll+0x66079e]
V  [jvm.dll+0x66ae17]
V  [jvm.dll+0x21b442]
V  [jvm.dll+0x21b975]
V  [jvm.dll+0x21c361]
V  [jvm.dll+0x211780]
V  [jvm.dll+0x59c26c]
V  [jvm.dll+0x222d6a]
V  [jvm.dll+0x7c2cb4]
V  [jvm.dll+0x7c3dff]
V  [jvm.dll+0x7c43af]
V  [jvm.dll+0x7c4058]
V  [jvm.dll+0x27024b]
V  [jvm.dll+0x3d9f3a]
C  0x000002a0949a3f61

Java frames: (J=compiled Java code, j=interpreted, Vv=VM code)
j  java.io.ObjectStreamClass$2.run()Ljava/lang/Void;+232 java.base@20.0.1
j  java.io.ObjectStreamClass$2.run()Ljava/lang/Object;+1 java.base@20.0.1
j  java.security.AccessController.executePrivileged(Ljava/security/PrivilegedAction;Ljava/security/AccessControlContext;Ljava/lang/Class;)Ljava/lang/Object;+29 java.base@20.0.1
j  java.security.AccessController.doPrivileged(Ljava/security/PrivilegedAction;)Ljava/lang/Object;+5 java.base@20.0.1
j  java.io.ObjectStreamClass.<init>(Ljava/lang/Class;)V+111 java.base@20.0.1
j  java.io.ObjectStreamClass$Caches$1.computeValue(Ljava/lang/Class;)Ljava/io/ObjectStreamClass;+5 java.base@20.0.1
j  java.io.ObjectStreamClass$Caches$1.computeValue(Ljava/lang/Class;)Ljava/lang/Object;+2 java.base@20.0.1
j  java.io.ClassCache$1.computeValue(Ljava/lang/Class;)Ljava/io/ClassCache$CacheRef;+5 java.base@20.0.1
j  java.io.ClassCache$1.computeValue(Ljava/lang/Class;)Ljava/lang/Object;+2 java.base@20.0.1
j  java.lang.ClassValue.getFromHashMap(Ljava/lang/Class;)Ljava/lang/Object;+29 java.base@20.0.1
j  java.lang.ClassValue.getFromBackup([Ljava/lang/ClassValue$Entry;Ljava/lang/Class;)Ljava/lang/Object;+17 java.base@20.0.1
j  java.lang.ClassValue.get(Ljava/lang/Class;)Ljava/lang/Object;+27 java.base@20.0.1
j  java.io.ClassCache.get(Ljava/lang/Class;)Ljava/lang/Object;+9 java.base@20.0.1
j  java.io.ObjectStreamClass.lookup(Ljava/lang/Class;Z)Ljava/io/ObjectStreamClass;+19 java.base@20.0.1
j  java.io.ObjectStreamClass.initNonProxy(Ljava/io/ObjectStreamClass;Ljava/lang/Class;Ljava/lang/ClassNotFoundException;Ljava/io/ObjectStreamClass;)V+15 java.base@20.0.1
j  java.io.ObjectInputStream.readNonProxyDesc(Z)Ljava/io/ObjectStreamClass;+186 java.base@20.0.1
j  java.io.ObjectInputStream.readClassDesc(Z)Ljava/io/ObjectStreamClass;+72 java.base@20.0.1
j  java.io.ObjectInputStream.readOrdinaryObject(Z)Ljava/lang/Object;+22 java.base@20.0.1
j  java.io.ObjectInputStream.readObject0(Ljava/lang/Class;Z)Ljava/lang/Object;+494 java.base@20.0.1
j  java.io.ObjectInputStream.readObject(Ljava/lang/Class;)Ljava/lang/Object;+42 java.base@20.0.1
j  java.io.ObjectInputStream.readObject()Ljava/lang/Object;+3 java.base@20.0.1
j  dao.CommonDAO.retrieveFromFile()LADT/ListInterface;+37
j  control.AssignmentTeamMainteinance.<init>()V+90
j  control.AssignmentTeamMainteinance.main([Ljava/lang/String;)V+4
j  control.main.main([Ljava/lang/String;)V+146
v  ~StubRoutines::call_stub 0x000002a0949810e7

---------------  P R O C E S S  ---------------

Threads class SMR info:
_java_thread_list=0x000002a0a95b2be0, length=11, elements={
0x000002a083badde0, 0x000002a0a5071780, 0x000002a0a5072580, 0x000002a0a5075c20,
0x000002a0a5078870, 0x000002a0a5079700, 0x000002a0a507ff90, 0x000002a0a5081d70,
0x000002a0a508dd10, 0x000002a0a94e0ef0, 0x000002a0a95a82e0
}

Java Threads: ( => current thread )
=>0x000002a083badde0 JavaThread "main" [_thread_in_vm, id=32556, stack(0x000000d4c2200000,0x000000d4c2300000)]
  0x000002a0a5071780 JavaThread "Reference Handler" daemon [_thread_blocked, id=37920, stack(0x000000d4c2900000,0x000000d4c2a00000)]
  0x000002a0a5072580 JavaThread "Finalizer" daemon [_thread_blocked, id=42336, stack(0x000000d4c2a00000,0x000000d4c2b00000)]
  0x000002a0a5075c20 JavaThread "Signal Dispatcher" daemon [_thread_blocked, id=26488, stack(0x000000d4c2b00000,0x000000d4c2c00000)]
  0x000002a0a5078870 JavaThread "Attach Listener" daemon [_thread_blocked, id=2604, stack(0x000000d4c2c00000,0x000000d4c2d00000)]
  0x000002a0a5079700 JavaThread "Service Thread" daemon [_thread_blocked, id=8100, stack(0x000000d4c2d00000,0x000000d4c2e00000)]
  0x000002a0a507ff90 JavaThread "Monitor Deflation Thread" daemon [_thread_blocked, id=40072, stack(0x000000d4c2e00000,0x000000d4c2f00000)]
  0x000002a0a5081d70 JavaThread "C2 CompilerThread0" daemon [_thread_blocked, id=11504, stack(0x000000d4c2f00000,0x000000d4c3000000)]
  0x000002a0a508dd10 JavaThread "C1 CompilerThread0" daemon [_thread_blocked, id=15116, stack(0x000000d4c3000000,0x000000d4c3100000)]
  0x000002a0a94e0ef0 JavaThread "Common-Cleaner" daemon [_thread_blocked, id=6252, stack(0x000000d4c3100000,0x000000d4c3200000)]
  0x000002a0a95a82e0 JavaThread "Notification Thread" daemon [_thread_blocked, id=7936, stack(0x000000d4c3200000,0x000000d4c3300000)]

Other Threads:
  0x000002a0a5054180 VMThread "VM Thread" [stack: 0x000000d4c2800000,0x000000d4c2900000] [id=26424]
  0x000002a0a95a8900 WatcherThread "VM Periodic Task Thread" [stack: 0x000000d4c3300000,0x000000d4c3400000] [id=6992]
  0x000002a083c1da00 WorkerThread "GC Thread#0" [stack: 0x000000d4c2300000,0x000000d4c2400000] [id=35028]
  0x000002a083c2e520 ConcurrentGCThread "G1 Main Marker" [stack: 0x000000d4c2400000,0x000000d4c2500000] [id=36804]
  0x000002a083c2ef50 WorkerThread "G1 Conc#0" [stack: 0x000000d4c2500000,0x000000d4c2600000] [id=13808]
  0x000002a083c6ec20 ConcurrentGCThread "G1 Refine#0" [stack: 0x000000d4c2600000,0x000000d4c2700000] [id=26892]
  0x000002a0a4f138e0 ConcurrentGCThread "G1 Service" [stack: 0x000000d4c2700000,0x000000d4c2800000] [id=25048]

Threads with active compile tasks:

VM state: not at safepoint (normal execution)

VM Mutex/Monitor currently owned by a thread:  ([mutex/lock_event])
[0x000002a083ba72c0] Metaspace_lock - owner thread: 0x000002a083badde0

Heap address: 0x0000000703e00000, size: 4034 MB, Compressed Oops mode: Zero based, Oop shift amount: 3

CDS archive(s) mapped at: [0x0000000800000000-0x0000000800c60000-0x0000000800c60000), size 12976128, SharedBaseAddress: 0x0000000800000000, ArchiveRelocationMode: 0.
Compressed class space mapped at: 0x0000000801000000-0x0000000841000000, reserved size: 1073741824
Narrow klass base: 0x0000000800000000, Narrow klass shift: 0, Narrow klass range: 0x100000000

GC Precious Log:
 CardTable entry size: 512
 Card Set container configuration: InlinePtr #cards 4 size 8 Array Of Cards #cards 16 size 48 Howl #buckets 8 coarsen threshold 3686 Howl Bitmap #cards 512 size 80 coarsen threshold 460 Card regions per heap region 1 cards per card region 4096
 CPUs: 8 total, 8 available
 Memory: 16133M
 Large Page Support: Disabled
 NUMA Support: Disabled
 Compressed Oops: Enabled (Zero based)
 Heap Region Size: 2M
 Heap Min Capacity: 8M
 Heap Initial Capacity: 254M
 Heap Max Capacity: 4034M
 Pre-touch: Disabled
 Parallel Workers: 8
 Concurrent Workers: 2
 Concurrent Refinement Workers: 8
 Periodic GC: Disabled

Heap:
 garbage-first heap   total 260096K, used 4096K [0x0000000703e00000, 0x0000000800000000)
  region size 2048K, 3 young (6144K), 0 survivors (0K)
 Metaspace       used 1251K, committed 1408K, reserved 1114112K
  class space    used 111K, committed 192K, reserved 1048576K

Heap Regions: E=young(eden), S=young(survivor), O=old, HS=humongous(starts), HC=humongous(continues), CS=collection set, F=free, OA=open archive, CA=closed archive, TAMS=top-at-mark-start, PB=parsable bottom
|   0|0x0000000703e00000, 0x0000000703e00000, 0x0000000704000000|  0%| F|  |TAMS 0x0000000703e00000| PB 0x0000000703e00000| Untracked 
|   1|0x0000000704000000, 0x0000000704000000, 0x0000000704200000|  0%| F|  |TAMS 0x0000000704000000| PB 0x0000000704000000| Untracked 
|   2|0x0000000704200000, 0x0000000704200000, 0x0000000704400000|  0%| F|  |TAMS 0x0000000704200000| PB 0x0000000704200000| Untracked 
|   3|0x0000000704400000, 0x0000000704400000, 0x0000000704600000|  0%| F|  |TAMS 0x0000000704400000| PB 0x0000000704400000| Untracked 
|   4|0x0000000704600000, 0x0000000704600000, 0x0000000704800000|  0%| F|  |TAMS 0x0000000704600000| PB 0x0000000704600000| Untracked 
|   5|0x0000000704800000, 0x0000000704800000, 0x0000000704a00000|  0%| F|  |TAMS 0x0000000704800000| PB 0x0000000704800000| Untracked 
|   6|0x0000000704a00000, 0x0000000704a00000, 0x0000000704c00000|  0%| F|  |TAMS 0x0000000704a00000| PB 0x0000000704a00000| Untracked 
|   7|0x0000000704c00000, 0x0000000704c00000, 0x0000000704e00000|  0%| F|  |TAMS 0x0000000704c00000| PB 0x0000000704c00000| Untracked 
|   8|0x0000000704e00000, 0x0000000704e00000, 0x0000000705000000|  0%| F|  |TAMS 0x0000000704e00000| PB 0x0000000704e00000| Untracked 
|   9|0x0000000705000000, 0x0000000705000000, 0x0000000705200000|  0%| F|  |TAMS 0x0000000705000000| PB 0x0000000705000000| Untracked 
|  10|0x0000000705200000, 0x0000000705200000, 0x0000000705400000|  0%| F|  |TAMS 0x0000000705200000| PB 0x0000000705200000| Untracked 
|  11|0x0000000705400000, 0x0000000705400000, 0x0000000705600000|  0%| F|  |TAMS 0x0000000705400000| PB 0x0000000705400000| Untracked 
|  12|0x0000000705600000, 0x0000000705600000, 0x0000000705800000|  0%| F|  |TAMS 0x0000000705600000| PB 0x0000000705600000| Untracked 
|  13|0x0000000705800000, 0x0000000705800000, 0x0000000705a00000|  0%| F|  |TAMS 0x0000000705800000| PB 0x0000000705800000| Untracked 
|  14|0x0000000705a00000, 0x0000000705a00000, 0x0000000705c00000|  0%| F|  |TAMS 0x0000000705a00000| PB 0x0000000705a00000| Untracked 
|  15|0x0000000705c00000, 0x0000000705c00000, 0x0000000705e00000|  0%| F|  |TAMS 0x0000000705c00000| PB 0x0000000705c00000| Untracked 
|  16|0x0000000705e00000, 0x0000000705e00000, 0x0000000706000000|  0%| F|  |TAMS 0x0000000705e00000| PB 0x0000000705e00000| Untracked 
|  17|0x0000000706000000, 0x0000000706000000, 0x0000000706200000|  0%| F|  |TAMS 0x0000000706000000| PB 0x0000000706000000| Untracked 
|  18|0x0000000706200000, 0x0000000706200000, 0x0000000706400000|  0%| F|  |TAMS 0x0000000706200000| PB 0x0000000706200000| Untracked 
|  19|0x0000000706400000, 0x0000000706400000, 0x0000000706600000|  0%| F|  |TAMS 0x0000000706400000| PB 0x0000000706400000| Untracked 
|  20|0x0000000706600000, 0x0000000706600000, 0x0000000706800000|  0%| F|  |TAMS 0x0000000706600000| PB 0x0000000706600000| Untracked 
|  21|0x0000000706800000, 0x0000000706800000, 0x0000000706a00000|  0%| F|  |TAMS 0x0000000706800000| PB 0x0000000706800000| Untracked 
|  22|0x0000000706a00000, 0x0000000706a00000, 0x0000000706c00000|  0%| F|  |TAMS 0x0000000706a00000| PB 0x0000000706a00000| Untracked 
|  23|0x0000000706c00000, 0x0000000706c00000, 0x0000000706e00000|  0%| F|  |TAMS 0x0000000706c00000| PB 0x0000000706c00000| Untracked 
|  24|0x0000000706e00000, 0x0000000706e00000, 0x0000000707000000|  0%| F|  |TAMS 0x0000000706e00000| PB 0x0000000706e00000| Untracked 
|  25|0x0000000707000000, 0x0000000707000000, 0x0000000707200000|  0%| F|  |TAMS 0x0000000707000000| PB 0x0000000707000000| Untracked 
|  26|0x0000000707200000, 0x0000000707200000, 0x0000000707400000|  0%| F|  |TAMS 0x0000000707200000| PB 0x0000000707200000| Untracked 
|  27|0x0000000707400000, 0x0000000707400000, 0x0000000707600000|  0%| F|  |TAMS 0x0000000707400000| PB 0x0000000707400000| Untracked 
|  28|0x0000000707600000, 0x0000000707600000, 0x0000000707800000|  0%| F|  |TAMS 0x0000000707600000| PB 0x0000000707600000| Untracked 
|  29|0x0000000707800000, 0x0000000707800000, 0x0000000707a00000|  0%| F|  |TAMS 0x0000000707800000| PB 0x0000000707800000| Untracked 
|  30|0x0000000707a00000, 0x0000000707a00000, 0x0000000707c00000|  0%| F|  |TAMS 0x0000000707a00000| PB 0x0000000707a00000| Untracked 
|  31|0x0000000707c00000, 0x0000000707c00000, 0x0000000707e00000|  0%| F|  |TAMS 0x0000000707c00000| PB 0x0000000707c00000| Untracked 
|  32|0x0000000707e00000, 0x0000000707e00000, 0x0000000708000000|  0%| F|  |TAMS 0x0000000707e00000| PB 0x0000000707e00000| Untracked 
|  33|0x0000000708000000, 0x0000000708000000, 0x0000000708200000|  0%| F|  |TAMS 0x0000000708000000| PB 0x0000000708000000| Untracked 
|  34|0x0000000708200000, 0x0000000708200000, 0x0000000708400000|  0%| F|  |TAMS 0x0000000708200000| PB 0x0000000708200000| Untracked 
|  35|0x0000000708400000, 0x0000000708400000, 0x0000000708600000|  0%| F|  |TAMS 0x0000000708400000| PB 0x0000000708400000| Untracked 
|  36|0x0000000708600000, 0x0000000708600000, 0x0000000708800000|  0%| F|  |TAMS 0x0000000708600000| PB 0x0000000708600000| Untracked 
|  37|0x0000000708800000, 0x0000000708800000, 0x0000000708a00000|  0%| F|  |TAMS 0x0000000708800000| PB 0x0000000708800000| Untracked 
|  38|0x0000000708a00000, 0x0000000708a00000, 0x0000000708c00000|  0%| F|  |TAMS 0x0000000708a00000| PB 0x0000000708a00000| Untracked 
|  39|0x0000000708c00000, 0x0000000708c00000, 0x0000000708e00000|  0%| F|  |TAMS 0x0000000708c00000| PB 0x0000000708c00000| Untracked 
|  40|0x0000000708e00000, 0x0000000708e00000, 0x0000000709000000|  0%| F|  |TAMS 0x0000000708e00000| PB 0x0000000708e00000| Untracked 
|  41|0x0000000709000000, 0x0000000709000000, 0x0000000709200000|  0%| F|  |TAMS 0x0000000709000000| PB 0x0000000709000000| Untracked 
|  42|0x0000000709200000, 0x0000000709200000, 0x0000000709400000|  0%| F|  |TAMS 0x0000000709200000| PB 0x0000000709200000| Untracked 
|  43|0x0000000709400000, 0x0000000709400000, 0x0000000709600000|  0%| F|  |TAMS 0x0000000709400000| PB 0x0000000709400000| Untracked 
|  44|0x0000000709600000, 0x0000000709600000, 0x0000000709800000|  0%| F|  |TAMS 0x0000000709600000| PB 0x0000000709600000| Untracked 
|  45|0x0000000709800000, 0x0000000709800000, 0x0000000709a00000|  0%| F|  |TAMS 0x0000000709800000| PB 0x0000000709800000| Untracked 
|  46|0x0000000709a00000, 0x0000000709a00000, 0x0000000709c00000|  0%| F|  |TAMS 0x0000000709a00000| PB 0x0000000709a00000| Untracked 
|  47|0x0000000709c00000, 0x0000000709c00000, 0x0000000709e00000|  0%| F|  |TAMS 0x0000000709c00000| PB 0x0000000709c00000| Untracked 
|  48|0x0000000709e00000, 0x0000000709e00000, 0x000000070a000000|  0%| F|  |TAMS 0x0000000709e00000| PB 0x0000000709e00000| Untracked 
|  49|0x000000070a000000, 0x000000070a000000, 0x000000070a200000|  0%| F|  |TAMS 0x000000070a000000| PB 0x000000070a000000| Untracked 
|  50|0x000000070a200000, 0x000000070a200000, 0x000000070a400000|  0%| F|  |TAMS 0x000000070a200000| PB 0x000000070a200000| Untracked 
|  51|0x000000070a400000, 0x000000070a400000, 0x000000070a600000|  0%| F|  |TAMS 0x000000070a400000| PB 0x000000070a400000| Untracked 
|  52|0x000000070a600000, 0x000000070a600000, 0x000000070a800000|  0%| F|  |TAMS 0x000000070a600000| PB 0x000000070a600000| Untracked 
|  53|0x000000070a800000, 0x000000070a800000, 0x000000070aa00000|  0%| F|  |TAMS 0x000000070a800000| PB 0x000000070a800000| Untracked 
|  54|0x000000070aa00000, 0x000000070aa00000, 0x000000070ac00000|  0%| F|  |TAMS 0x000000070aa00000| PB 0x000000070aa00000| Untracked 
|  55|0x000000070ac00000, 0x000000070ac00000, 0x000000070ae00000|  0%| F|  |TAMS 0x000000070ac00000| PB 0x000000070ac00000| Untracked 
|  56|0x000000070ae00000, 0x000000070ae00000, 0x000000070b000000|  0%| F|  |TAMS 0x000000070ae00000| PB 0x000000070ae00000| Untracked 
|  57|0x000000070b000000, 0x000000070b000000, 0x000000070b200000|  0%| F|  |TAMS 0x000000070b000000| PB 0x000000070b000000| Untracked 
|  58|0x000000070b200000, 0x000000070b200000, 0x000000070b400000|  0%| F|  |TAMS 0x000000070b200000| PB 0x000000070b200000| Untracked 
|  59|0x000000070b400000, 0x000000070b400000, 0x000000070b600000|  0%| F|  |TAMS 0x000000070b400000| PB 0x000000070b400000| Untracked 
|  60|0x000000070b600000, 0x000000070b600000, 0x000000070b800000|  0%| F|  |TAMS 0x000000070b600000| PB 0x000000070b600000| Untracked 
|  61|0x000000070b800000, 0x000000070b800000, 0x000000070ba00000|  0%| F|  |TAMS 0x000000070b800000| PB 0x000000070b800000| Untracked 
|  62|0x000000070ba00000, 0x000000070ba00000, 0x000000070bc00000|  0%| F|  |TAMS 0x000000070ba00000| PB 0x000000070ba00000| Untracked 
|  63|0x000000070bc00000, 0x000000070bc00000, 0x000000070be00000|  0%| F|  |TAMS 0x000000070bc00000| PB 0x000000070bc00000| Untracked 
|  64|0x000000070be00000, 0x000000070be00000, 0x000000070c000000|  0%| F|  |TAMS 0x000000070be00000| PB 0x000000070be00000| Untracked 
|  65|0x000000070c000000, 0x000000070c000000, 0x000000070c200000|  0%| F|  |TAMS 0x000000070c000000| PB 0x000000070c000000| Untracked 
|  66|0x000000070c200000, 0x000000070c200000, 0x000000070c400000|  0%| F|  |TAMS 0x000000070c200000| PB 0x000000070c200000| Untracked 
|  67|0x000000070c400000, 0x000000070c400000, 0x000000070c600000|  0%| F|  |TAMS 0x000000070c400000| PB 0x000000070c400000| Untracked 
|  68|0x000000070c600000, 0x000000070c600000, 0x000000070c800000|  0%| F|  |TAMS 0x000000070c600000| PB 0x000000070c600000| Untracked 
|  69|0x000000070c800000, 0x000000070c800000, 0x000000070ca00000|  0%| F|  |TAMS 0x000000070c800000| PB 0x000000070c800000| Untracked 
|  70|0x000000070ca00000, 0x000000070ca00000, 0x000000070cc00000|  0%| F|  |TAMS 0x000000070ca00000| PB 0x000000070ca00000| Untracked 
|  71|0x000000070cc00000, 0x000000070cc00000, 0x000000070ce00000|  0%| F|  |TAMS 0x000000070cc00000| PB 0x000000070cc00000| Untracked 
|  72|0x000000070ce00000, 0x000000070ce00000, 0x000000070d000000|  0%| F|  |TAMS 0x000000070ce00000| PB 0x000000070ce00000| Untracked 
|  73|0x000000070d000000, 0x000000070d000000, 0x000000070d200000|  0%| F|  |TAMS 0x000000070d000000| PB 0x000000070d000000| Untracked 
|  74|0x000000070d200000, 0x000000070d200000, 0x000000070d400000|  0%| F|  |TAMS 0x000000070d200000| PB 0x000000070d200000| Untracked 
|  75|0x000000070d400000, 0x000000070d400000, 0x000000070d600000|  0%| F|  |TAMS 0x000000070d400000| PB 0x000000070d400000| Untracked 
|  76|0x000000070d600000, 0x000000070d600000, 0x000000070d800000|  0%| F|  |TAMS 0x000000070d600000| PB 0x000000070d600000| Untracked 
|  77|0x000000070d800000, 0x000000070d800000, 0x000000070da00000|  0%| F|  |TAMS 0x000000070d800000| PB 0x000000070d800000| Untracked 
|  78|0x000000070da00000, 0x000000070da00000, 0x000000070dc00000|  0%| F|  |TAMS 0x000000070da00000| PB 0x000000070da00000| Untracked 
|  79|0x000000070dc00000, 0x000000070dc00000, 0x000000070de00000|  0%| F|  |TAMS 0x000000070dc00000| PB 0x000000070dc00000| Untracked 
|  80|0x000000070de00000, 0x000000070de00000, 0x000000070e000000|  0%| F|  |TAMS 0x000000070de00000| PB 0x000000070de00000| Untracked 
|  81|0x000000070e000000, 0x000000070e000000, 0x000000070e200000|  0%| F|  |TAMS 0x000000070e000000| PB 0x000000070e000000| Untracked 
|  82|0x000000070e200000, 0x000000070e200000, 0x000000070e400000|  0%| F|  |TAMS 0x000000070e200000| PB 0x000000070e200000| Untracked 
|  83|0x000000070e400000, 0x000000070e400000, 0x000000070e600000|  0%| F|  |TAMS 0x000000070e400000| PB 0x000000070e400000| Untracked 
|  84|0x000000070e600000, 0x000000070e600000, 0x000000070e800000|  0%| F|  |TAMS 0x000000070e600000| PB 0x000000070e600000| Untracked 
|  85|0x000000070e800000, 0x000000070e800000, 0x000000070ea00000|  0%| F|  |TAMS 0x000000070e800000| PB 0x000000070e800000| Untracked 
|  86|0x000000070ea00000, 0x000000070ea00000, 0x000000070ec00000|  0%| F|  |TAMS 0x000000070ea00000| PB 0x000000070ea00000| Untracked 
|  87|0x000000070ec00000, 0x000000070ec00000, 0x000000070ee00000|  0%| F|  |TAMS 0x000000070ec00000| PB 0x000000070ec00000| Untracked 
|  88|0x000000070ee00000, 0x000000070ee00000, 0x000000070f000000|  0%| F|  |TAMS 0x000000070ee00000| PB 0x000000070ee00000| Untracked 
|  89|0x000000070f000000, 0x000000070f000000, 0x000000070f200000|  0%| F|  |TAMS 0x000000070f000000| PB 0x000000070f000000| Untracked 
|  90|0x000000070f200000, 0x000000070f200000, 0x000000070f400000|  0%| F|  |TAMS 0x000000070f200000| PB 0x000000070f200000| Untracked 
|  91|0x000000070f400000, 0x000000070f400000, 0x000000070f600000|  0%| F|  |TAMS 0x000000070f400000| PB 0x000000070f400000| Untracked 
|  92|0x000000070f600000, 0x000000070f600000, 0x000000070f800000|  0%| F|  |TAMS 0x000000070f600000| PB 0x000000070f600000| Untracked 
|  93|0x000000070f800000, 0x000000070f800000, 0x000000070fa00000|  0%| F|  |TAMS 0x000000070f800000| PB 0x000000070f800000| Untracked 
|  94|0x000000070fa00000, 0x000000070fa00000, 0x000000070fc00000|  0%| F|  |TAMS 0x000000070fa00000| PB 0x000000070fa00000| Untracked 
|  95|0x000000070fc00000, 0x000000070fc00000, 0x000000070fe00000|  0%| F|  |TAMS 0x000000070fc00000| PB 0x000000070fc00000| Untracked 
|  96|0x000000070fe00000, 0x000000070fe00000, 0x0000000710000000|  0%| F|  |TAMS 0x000000070fe00000| PB 0x000000070fe00000| Untracked 
|  97|0x0000000710000000, 0x0000000710000000, 0x0000000710200000|  0%| F|  |TAMS 0x0000000710000000| PB 0x0000000710000000| Untracked 
|  98|0x0000000710200000, 0x0000000710200000, 0x0000000710400000|  0%| F|  |TAMS 0x0000000710200000| PB 0x0000000710200000| Untracked 
|  99|0x0000000710400000, 0x0000000710400000, 0x0000000710600000|  0%| F|  |TAMS 0x0000000710400000| PB 0x0000000710400000| Untracked 
| 100|0x0000000710600000, 0x0000000710600000, 0x0000000710800000|  0%| F|  |TAMS 0x0000000710600000| PB 0x0000000710600000| Untracked 
| 101|0x0000000710800000, 0x0000000710800000, 0x0000000710a00000|  0%| F|  |TAMS 0x0000000710800000| PB 0x0000000710800000| Untracked 
| 102|0x0000000710a00000, 0x0000000710a00000, 0x0000000710c00000|  0%| F|  |TAMS 0x0000000710a00000| PB 0x0000000710a00000| Untracked 
| 103|0x0000000710c00000, 0x0000000710c00000, 0x0000000710e00000|  0%| F|  |TAMS 0x0000000710c00000| PB 0x0000000710c00000| Untracked 
| 104|0x0000000710e00000, 0x0000000710e00000, 0x0000000711000000|  0%| F|  |TAMS 0x0000000710e00000| PB 0x0000000710e00000| Untracked 
| 105|0x0000000711000000, 0x0000000711000000, 0x0000000711200000|  0%| F|  |TAMS 0x0000000711000000| PB 0x0000000711000000| Untracked 
| 106|0x0000000711200000, 0x0000000711200000, 0x0000000711400000|  0%| F|  |TAMS 0x0000000711200000| PB 0x0000000711200000| Untracked 
| 107|0x0000000711400000, 0x0000000711400000, 0x0000000711600000|  0%| F|  |TAMS 0x0000000711400000| PB 0x0000000711400000| Untracked 
| 108|0x0000000711600000, 0x0000000711600000, 0x0000000711800000|  0%| F|  |TAMS 0x0000000711600000| PB 0x0000000711600000| Untracked 
| 109|0x0000000711800000, 0x0000000711800000, 0x0000000711a00000|  0%| F|  |TAMS 0x0000000711800000| PB 0x0000000711800000| Untracked 
| 110|0x0000000711a00000, 0x0000000711a00000, 0x0000000711c00000|  0%| F|  |TAMS 0x0000000711a00000| PB 0x0000000711a00000| Untracked 
| 111|0x0000000711c00000, 0x0000000711c00000, 0x0000000711e00000|  0%| F|  |TAMS 0x0000000711c00000| PB 0x0000000711c00000| Untracked 
| 112|0x0000000711e00000, 0x0000000711e00000, 0x0000000712000000|  0%| F|  |TAMS 0x0000000711e00000| PB 0x0000000711e00000| Untracked 
| 113|0x0000000712000000, 0x0000000712000000, 0x0000000712200000|  0%| F|  |TAMS 0x0000000712000000| PB 0x0000000712000000| Untracked 
| 114|0x0000000712200000, 0x0000000712200000, 0x0000000712400000|  0%| F|  |TAMS 0x0000000712200000| PB 0x0000000712200000| Untracked 
| 115|0x0000000712400000, 0x0000000712400000, 0x0000000712600000|  0%| F|  |TAMS 0x0000000712400000| PB 0x0000000712400000| Untracked 
| 116|0x0000000712600000, 0x0000000712600000, 0x0000000712800000|  0%| F|  |TAMS 0x0000000712600000| PB 0x0000000712600000| Untracked 
| 117|0x0000000712800000, 0x0000000712800000, 0x0000000712a00000|  0%| F|  |TAMS 0x0000000712800000| PB 0x0000000712800000| Untracked 
| 118|0x0000000712a00000, 0x0000000712a00000, 0x0000000712c00000|  0%| F|  |TAMS 0x0000000712a00000| PB 0x0000000712a00000| Untracked 
| 119|0x0000000712c00000, 0x0000000712c00000, 0x0000000712e00000|  0%| F|  |TAMS 0x0000000712c00000| PB 0x0000000712c00000| Untracked 
| 120|0x0000000712e00000, 0x0000000712e00000, 0x0000000713000000|  0%| F|  |TAMS 0x0000000712e00000| PB 0x0000000712e00000| Untracked 
| 121|0x0000000713000000, 0x0000000713000000, 0x0000000713200000|  0%| F|  |TAMS 0x0000000713000000| PB 0x0000000713000000| Untracked 
| 122|0x0000000713200000, 0x0000000713200000, 0x0000000713400000|  0%| F|  |TAMS 0x0000000713200000| PB 0x0000000713200000| Untracked 
| 123|0x0000000713400000, 0x0000000713400000, 0x0000000713600000|  0%| F|  |TAMS 0x0000000713400000| PB 0x0000000713400000| Untracked 
| 124|0x0000000713600000, 0x0000000713671258, 0x0000000713800000| 22%| E|  |TAMS 0x0000000713600000| PB 0x0000000713600000| Complete 
| 125|0x0000000713800000, 0x0000000713a00000, 0x0000000713a00000|100%| E|CS|TAMS 0x0000000713800000| PB 0x0000000713800000| Complete 
| 126|0x0000000713a00000, 0x0000000713c00000, 0x0000000713c00000|100%| E|CS|TAMS 0x0000000713a00000| PB 0x0000000713a00000| Complete 

Card table byte_map: [0x000002a09d6a0000,0x000002a09de90000] _byte_map_base: 0x000002a099e81000

Marking Bits: (CMBitMap*) 0x000002a083c1e030
 Bits: [0x000002a09e680000, 0x000002a0a2588000)

Polling page: 0x000002a083c70000

Metaspace:

Usage:
  Non-class:      1.11 MB used.
      Class:    111.43 KB used.
       Both:      1.22 MB used.

Virtual space:
  Non-class space:       64.00 MB reserved,       1.19 MB (  2%) committed,  1 nodes.
      Class space:        1.00 GB reserved,     192.00 KB ( <1%) committed,  1 nodes.
             Both:        1.06 GB reserved,       1.38 MB ( <1%) committed. 

Chunk freelists:
   Non-Class:  3.85 MB
       Class:  3.71 MB
        Both:  7.57 MB

MaxMetaspaceSize: unlimited
CompressedClassSpaceSize: 1.00 GB
Initial GC threshold: 21.00 MB
Current GC threshold: 21.00 MB
CDS: on
MetaspaceReclaimPolicy: balanced
 - commit_granule_bytes: 65536.
 - commit_granule_words: 8192.
 - virtual_space_node_default_size: 8388608.
 - enlarge_chunks_in_place: 1.
 - new_chunks_are_fully_committed: 0.
 - uncommit_free_chunks: 1.
 - use_allocation_guard: 0.


Internal statistics:

num_allocs_failed_limit: 0.
num_arena_births: 58.
num_arena_deaths: 0.
num_vsnodes_births: 2.
num_vsnodes_deaths: 0.
num_space_committed: 22.
num_space_uncommitted: 0.
num_chunks_returned_to_freelist: 0.
num_chunks_taken_from_freelist: 70.
num_chunk_merges: 0.
num_chunk_splits: 49.
num_chunks_enlarged: 29.
num_inconsistent_stats: 0.

CodeHeap 'non-profiled nmethods': size=120000Kb used=135Kb max_used=135Kb free=119864Kb
 bounds [0x000002a094f20000, 0x000002a095190000, 0x000002a09c450000]
CodeHeap 'profiled nmethods': size=120000Kb used=444Kb max_used=444Kb free=119555Kb
 bounds [0x000002a08d450000, 0x000002a08d6c0000, 0x000002a094980000]
CodeHeap 'non-nmethods': size=5760Kb used=1467Kb max_used=1478Kb free=4292Kb
 bounds [0x000002a094980000, 0x000002a094bf0000, 0x000002a094f20000]
 total_blobs=810 nmethods=389 adapters=332
 compilation: enabled
              stopped_count=0, restarted_count=0
 full_count=0

Compilation events (20 events):
Event: 4.397 Thread 0x000002a0a508dd10  379       3       java.lang.StringUTF16::compress (50 bytes)
Event: 4.397 Thread 0x000002a0a508dd10 nmethod 379 0x000002a08d4ba990 code [0x000002a08d4bab20, 0x000002a08d4bad68]
Event: 4.397 Thread 0x000002a0a508dd10  381       3       jdk.internal.misc.Unsafe::putReferenceRelease (9 bytes)
Event: 4.397 Thread 0x000002a0a508dd10 nmethod 381 0x000002a08d4baf10 code [0x000002a08d4bb0a0, 0x000002a08d4bb208]
Event: 4.397 Thread 0x000002a0a508dd10  382       3       java.util.concurrent.ConcurrentHashMap::setTabAt (20 bytes)
Event: 4.397 Thread 0x000002a0a508dd10 nmethod 382 0x000002a08d4bb290 code [0x000002a08d4bb420, 0x000002a08d4bb628]
Event: 4.397 Thread 0x000002a0a508dd10  383       3       sun.invoke.util.VerifyAccess::isClassAccessible (230 bytes)
Event: 4.398 Thread 0x000002a0a508dd10 nmethod 383 0x000002a08d4bb710 code [0x000002a08d4bba00, 0x000002a08d4bc870]
Event: 4.398 Thread 0x000002a0a508dd10  385       3       jdk.internal.misc.Unsafe::allocateUninitializedArray (55 bytes)
Event: 4.398 Thread 0x000002a0a508dd10 nmethod 385 0x000002a08d4bcc90 code [0x000002a08d4bce60, 0x000002a08d4bd2a8]
Event: 4.398 Thread 0x000002a0a508dd10  384       3       java.lang.invoke.MemberName::<init> (50 bytes)
Event: 4.398 Thread 0x000002a0a508dd10 nmethod 384 0x000002a08d4bd410 code [0x000002a08d4bd5e0, 0x000002a08d4bd8f8]
Event: 4.399 Thread 0x000002a0a508dd10  386       3       java.lang.invoke.MemberName$Factory::resolveOrFail (79 bytes)
Event: 4.399 Thread 0x000002a0a508dd10 nmethod 386 0x000002a08d4bda90 code [0x000002a08d4bdc80, 0x000002a08d4be360]
Event: 4.399 Thread 0x000002a0a508dd10  387       3       java.lang.Enum::<init> (15 bytes)
Event: 4.399 Thread 0x000002a0a508dd10 nmethod 387 0x000002a08d4be590 code [0x000002a08d4be720, 0x000002a08d4be8f0]
Event: 4.401 Thread 0x000002a0a508dd10  388       3       jdk.internal.reflect.ClassFileAssembler::emitByte (11 bytes)
Event: 4.401 Thread 0x000002a0a508dd10 nmethod 388 0x000002a08d4be990 code [0x000002a08d4beb20, 0x000002a08d4beca8]
Event: 4.401 Thread 0x000002a0a508dd10  389       3       jdk.internal.reflect.ByteVectorImpl::add (38 bytes)
Event: 4.401 Thread 0x000002a0a508dd10 nmethod 389 0x000002a08d4bed90 code [0x000002a08d4bef20, 0x000002a08d4bf0f8]

GC Heap History (0 events):
No events

Dll operation events (5 events):
Event: 0.010 Loaded shared library D:\Java\jdk-20\bin\java.dll
Event: 0.019 Loaded shared library D:\Java\jdk-20\bin\jsvml.dll
Event: 0.063 Loaded shared library D:\Java\jdk-20\bin\net.dll
Event: 0.065 Loaded shared library D:\Java\jdk-20\bin\nio.dll
Event: 0.089 Loaded shared library D:\Java\jdk-20\bin\jimage.dll

Deoptimization events (4 events):
Event: 1.896 Thread 0x000002a083badde0 Uncommon trap: trap_request=0xffffff45 fr.pc=0x000002a094f34ec4 relative=0x0000000000000484
Event: 1.896 Thread 0x000002a083badde0 Uncommon trap: reason=unstable_if action=reinterpret pc=0x000002a094f34ec4 method=java.util.regex.Matcher.search(I)Z @ 30 c2
Event: 1.896 Thread 0x000002a083badde0 DEOPT PACKING pc=0x000002a094f34ec4 sp=0x000000d4c22ff2c0
Event: 1.896 Thread 0x000002a083badde0 DEOPT UNPACKING pc=0x000002a09499d2a2 sp=0x000000d4c22ff2b0 mode 2

Classes loaded (20 events):
Event: 4.401 Loading class jdk/internal/reflect/ByteVectorImpl done
Event: 4.401 Loading class jdk/internal/reflect/ClassFileAssembler
Event: 4.401 Loading class jdk/internal/reflect/ClassFileAssembler done
Event: 4.401 Loading class jdk/internal/reflect/UTF8
Event: 4.401 Loading class jdk/internal/reflect/UTF8 done
Event: 4.401 Loading class jdk/internal/reflect/Label
Event: 4.401 Loading class jdk/internal/reflect/Label done
Event: 4.401 Loading class jdk/internal/reflect/Label$PatchInfo
Event: 4.401 Loading class jdk/internal/reflect/Label$PatchInfo done
Event: 4.401 Loading class jdk/internal/reflect/MethodAccessorGenerator$1
Event: 4.401 Loading class jdk/internal/reflect/MethodAccessorGenerator$1 done
Event: 4.402 Loading class jdk/internal/reflect/ClassDefiner
Event: 4.402 Loading class jdk/internal/reflect/ClassDefiner done
Event: 4.402 Loading class jdk/internal/reflect/ClassDefiner$1
Event: 4.402 Loading class jdk/internal/reflect/ClassDefiner$1 done
Event: 4.402 Loading class jdk/internal/reflect/SerializationConstructorAccessorImpl
Event: 4.402 Loading class jdk/internal/reflect/SerializationConstructorAccessorImpl done
Event: 4.402 Loading class java/io/ObjectOutputStream
Event: 4.402 Loading class java/io/ObjectOutput
Event: 4.402 Loading class java/io/ObjectOutput done

Classes unloaded (0 events):
No events

Classes redefined (0 events):
No events

Internal exceptions (9 events):
Event: 0.066 Thread 0x000002a083badde0 Exception <a 'sun/nio/fs/WindowsException'{0x000000071387f2d8}> (0x000000071387f2d8) 
thrown [s\open\src\hotspot\share\prims\jni.cpp, line 519]
Event: 0.067 Thread 0x000002a083badde0 Exception <a 'sun/nio/fs/WindowsException'{0x0000000713881888}> (0x0000000713881888) 
thrown [s\open\src\hotspot\share\prims\jni.cpp, line 519]
Event: 0.067 Thread 0x000002a083badde0 Exception <a 'sun/nio/fs/WindowsException'{0x00000007138823d8}> (0x00000007138823d8) 
thrown [s\open\src\hotspot\share\prims\jni.cpp, line 519]
Event: 0.067 Thread 0x000002a083badde0 Exception <a 'sun/nio/fs/WindowsException'{0x0000000713882f28}> (0x0000000713882f28) 
thrown [s\open\src\hotspot\share\prims\jni.cpp, line 519]
Event: 0.067 Thread 0x000002a083badde0 Exception <a 'sun/nio/fs/WindowsException'{0x0000000713883a48}> (0x0000000713883a48) 
thrown [s\open\src\hotspot\share\prims\jni.cpp, line 519]
Event: 0.067 Thread 0x000002a083badde0 Exception <a 'sun/nio/fs/WindowsException'{0x0000000713884580}> (0x0000000713884580) 
thrown [s\open\src\hotspot\share\prims\jni.cpp, line 519]
Event: 0.067 Thread 0x000002a083badde0 Exception <a 'sun/nio/fs/WindowsException'{0x00000007138850e0}> (0x00000007138850e0) 
thrown [s\open\src\hotspot\share\prims\jni.cpp, line 519]
Event: 0.067 Thread 0x000002a083badde0 Exception <a 'sun/nio/fs/WindowsException'{0x0000000713885c48}> (0x0000000713885c48) 
thrown [s\open\src\hotspot\share\prims\jni.cpp, line 519]
Event: 0.068 Thread 0x000002a083badde0 Exception <a 'sun/nio/fs/WindowsException'{0x0000000713886798}> (0x0000000713886798) 
thrown [s\open\src\hotspot\share\prims\jni.cpp, line 519]

VM Operations (4 events):
Event: 0.068 Executing VM operation: HandshakeAllThreads
Event: 0.068 Executing VM operation: HandshakeAllThreads done
Event: 1.070 Executing VM operation: Cleanup
Event: 1.070 Executing VM operation: Cleanup done

Events (11 events):
Event: 0.019 Thread 0x000002a083badde0 Thread added: 0x000002a083badde0
Event: 0.038 Thread 0x000002a0a5071780 Thread added: 0x000002a0a5071780
Event: 0.038 Thread 0x000002a0a5072580 Thread added: 0x000002a0a5072580
Event: 0.038 Thread 0x000002a0a5075c20 Thread added: 0x000002a0a5075c20
Event: 0.038 Thread 0x000002a0a5078870 Thread added: 0x000002a0a5078870
Event: 0.038 Thread 0x000002a0a5079700 Thread added: 0x000002a0a5079700
Event: 0.038 Thread 0x000002a0a507ff90 Thread added: 0x000002a0a507ff90
Event: 0.038 Thread 0x000002a0a5081d70 Thread added: 0x000002a0a5081d70
Event: 0.038 Thread 0x000002a0a508dd10 Thread added: 0x000002a0a508dd10
Event: 0.054 Thread 0x000002a0a94e0ef0 Thread added: 0x000002a0a94e0ef0
Event: 0.076 Thread 0x000002a0a95a82e0 Thread added: 0x000002a0a95a82e0


Dynamic libraries:
0x00007ff72ab40000 - 0x00007ff72ab50000 	D:\Java\jdk-20\bin\java.exe
0x00007ffdb7c50000 - 0x00007ffdb7e66000 	C:\WINDOWS\SYSTEM32\ntdll.dll
0x00007ffdb7400000 - 0x00007ffdb74c4000 	C:\WINDOWS\System32\KERNEL32.DLL
0x00007ffdb5270000 - 0x00007ffdb5617000 	C:\WINDOWS\System32\KERNELBASE.dll
0x00007ffdb4ff0000 - 0x00007ffdb5101000 	C:\WINDOWS\System32\ucrtbase.dll
0x00007ffda5f50000 - 0x00007ffda5f69000 	D:\Java\jdk-20\bin\jli.dll
0x00007ffd868b0000 - 0x00007ffd868cb000 	D:\Java\jdk-20\bin\VCRUNTIME140.dll
0x00007ffdb7620000 - 0x00007ffdb76d2000 	C:\WINDOWS\System32\ADVAPI32.dll
0x00007ffdb7570000 - 0x00007ffdb7617000 	C:\WINDOWS\System32\msvcrt.dll
0x00007ffdb59c0000 - 0x00007ffdb5a68000 	C:\WINDOWS\System32\sechost.dll
0x00007ffdb5110000 - 0x00007ffdb5138000 	C:\WINDOWS\System32\bcrypt.dll
0x00007ffdb5e90000 - 0x00007ffdb5fa5000 	C:\WINDOWS\System32\RPCRT4.dll
0x00007ffdb7250000 - 0x00007ffdb73fe000 	C:\WINDOWS\System32\USER32.dll
0x00007ffdb5790000 - 0x00007ffdb57b6000 	C:\WINDOWS\System32\win32u.dll
0x00007ffdb7220000 - 0x00007ffdb7249000 	C:\WINDOWS\System32\GDI32.dll
0x00007ffd97f60000 - 0x00007ffd981f3000 	C:\WINDOWS\WinSxS\amd64_microsoft.windows.common-controls_6595b64144ccf1df_6.0.22621.3235_none_270f74e173860f98\COMCTL32.dll
0x00007ffdb5860000 - 0x00007ffdb5979000 	C:\WINDOWS\System32\gdi32full.dll
0x00007ffdb57c0000 - 0x00007ffdb585a000 	C:\WINDOWS\System32\msvcp_win.dll
0x00007ffdad640000 - 0x00007ffdad64a000 	C:\WINDOWS\SYSTEM32\VERSION.dll
0x00007ffdb5980000 - 0x00007ffdb59b1000 	C:\WINDOWS\System32\IMM32.DLL
0x00007ffdad8d0000 - 0x00007ffdad8dc000 	D:\Java\jdk-20\bin\vcruntime140_1.dll
0x00007ffd48d70000 - 0x00007ffd48dfe000 	D:\Java\jdk-20\bin\msvcp140.dll
0x00007ffd49080000 - 0x00007ffd49d17000 	D:\Java\jdk-20\bin\server\jvm.dll
0x00007ffd9de50000 - 0x00007ffd9de59000 	C:\WINDOWS\SYSTEM32\WSOCK32.dll
0x00007ffdad6d0000 - 0x00007ffdad704000 	C:\WINDOWS\SYSTEM32\WINMM.dll
0x00007ffdb68f0000 - 0x00007ffdb6961000 	C:\WINDOWS\System32\WS2_32.dll
0x00007ffdb3fc0000 - 0x00007ffdb3fd8000 	C:\WINDOWS\SYSTEM32\kernel.appcore.dll
0x00007ffd8ee80000 - 0x00007ffd8ee8a000 	D:\Java\jdk-20\bin\jimage.dll
0x00007ffdb23a0000 - 0x00007ffdb25d3000 	C:\WINDOWS\SYSTEM32\DBGHELP.DLL
0x00007ffdb5a70000 - 0x00007ffdb5df8000 	C:\WINDOWS\System32\combase.dll
0x00007ffdb78b0000 - 0x00007ffdb7987000 	C:\WINDOWS\System32\OLEAUT32.dll
0x00007ffda89c0000 - 0x00007ffda89f2000 	C:\WINDOWS\SYSTEM32\dbgcore.DLL
0x00007ffdb4f70000 - 0x00007ffdb4fe9000 	C:\WINDOWS\System32\bcryptPrimitives.dll
0x00007ffd69ba0000 - 0x00007ffd69bc6000 	D:\Java\jdk-20\bin\java.dll
0x00007ffd48fa0000 - 0x00007ffd49077000 	D:\Java\jdk-20\bin\jsvml.dll
0x00007ffdb5fb0000 - 0x00007ffdb680c000 	C:\WINDOWS\System32\SHELL32.dll
0x00007ffdb2ef0000 - 0x00007ffdb37e9000 	C:\WINDOWS\SYSTEM32\windows.storage.dll
0x00007ffdb2db0000 - 0x00007ffdb2eee000 	C:\WINDOWS\SYSTEM32\wintypes.dll
0x00007ffdb6970000 - 0x00007ffdb6a63000 	C:\WINDOWS\System32\SHCORE.dll
0x00007ffdb70c0000 - 0x00007ffdb711e000 	C:\WINDOWS\System32\shlwapi.dll
0x00007ffdb4ea0000 - 0x00007ffdb4ec1000 	C:\WINDOWS\SYSTEM32\profapi.dll
0x00007ffd81860000 - 0x00007ffd81873000 	D:\Java\jdk-20\bin\net.dll
0x00007ffdaf160000 - 0x00007ffdaf296000 	C:\WINDOWS\SYSTEM32\WINHTTP.dll
0x00007ffdb4430000 - 0x00007ffdb4499000 	C:\WINDOWS\system32\mswsock.dll
0x00007ffd6c330000 - 0x00007ffd6c346000 	D:\Java\jdk-20\bin\nio.dll

dbghelp: loaded successfully - version: 4.0.5 - missing functions: none
symbol engine: initialized successfully - sym options: 0x614 - pdb path: .;D:\Java\jdk-20\bin;C:\WINDOWS\SYSTEM32;C:\WINDOWS\WinSxS\amd64_microsoft.windows.common-controls_6595b64144ccf1df_6.0.22621.3235_none_270f74e173860f98;D:\Java\jdk-20\bin\server

VM Arguments:
jvm_args: -Dfile.encoding=UTF-8 --module-path=C:\Users\Shao\OneDrive\Y2S1\Data Structure and Algorithm\University\build\classes 
java_command: control.main
java_class_path (initial): C:\Users\Shao\OneDrive\Y2S1\Data Structure and Algorithm\University\build\classes
Launcher Type: SUN_STANDARD

[Global flags]
     intx CICompilerCount                          = 4                                         {product} {ergonomic}
     uint ConcGCThreads                            = 2                                         {product} {ergonomic}
     uint G1ConcRefinementThreads                  = 8                                         {product} {ergonomic}
   size_t G1HeapRegionSize                         = 2097152                                   {product} {ergonomic}
    uintx GCDrainStackTargetSize                   = 64                                        {product} {ergonomic}
   size_t InitialHeapSize                          = 266338304                                 {product} {ergonomic}
   size_t MarkStackSize                            = 4194304                                   {product} {ergonomic}
   size_t MaxHeapSize                              = 4229955584                                {product} {ergonomic}
   size_t MaxNewSize                               = 2537553920                                {product} {ergonomic}
   size_t MinHeapDeltaBytes                        = 2097152                                   {product} {ergonomic}
   size_t MinHeapSize                              = 8388608                                   {product} {ergonomic}
    uintx NonNMethodCodeHeapSize                   = 5839372                                {pd product} {ergonomic}
    uintx NonProfiledCodeHeapSize                  = 122909434                              {pd product} {ergonomic}
    uintx ProfiledCodeHeapSize                     = 122909434                              {pd product} {ergonomic}
    uintx ReservedCodeCacheSize                    = 251658240                              {pd product} {ergonomic}
     bool SegmentedCodeCache                       = true                                      {product} {ergonomic}
   size_t SoftMaxHeapSize                          = 4229955584                             {manageable} {ergonomic}
     bool UseCompressedClassPointers               = true                           {product lp64_product} {ergonomic}
     bool UseCompressedOops                        = true                           {product lp64_product} {ergonomic}
     bool UseG1GC                                  = true                                      {product} {ergonomic}
     bool UseLargePagesIndividualAllocation        = false                                  {pd product} {ergonomic}

Logging:
Log output configuration:
 #0: stdout all=warning uptime,level,tags foldmultilines=false
 #1: stderr all=off uptime,level,tags foldmultilines=false

Environment Variables:
PATH=C:\Users\Shao\Desktop\TarUMT\2023SEM2\Database\app\oracle\product\11.2.0\server\bin;;C:\Program Files\Common Files\Oracle\Java\javapath;C:\Program Files (x86)\Common Files\Oracle\Java\javapath;C:\ProgramData\Oracle\Java\javapath;C:\WINDOWS\system32;C:\WINDOWS;C:\WINDOWS\System32\Wbem;C:\WINDOWS\System32\WindowsPowerShell\v1.0\;C:\WINDOWS\System32\OpenSSH\;C:\Program Files (x86)\Windows Kits\10\Windows Performance Toolkit\;C:\Users\Shao\AppData\Local\Microsoft\WindowsApps;C:\Users\Shao\Desktop\TarUMT\Web Development\Microsoft VS Code\bin;C:\MinGW\bin;
USERNAME=Shao
OS=Windows_NT
PROCESSOR_IDENTIFIER=Intel64 Family 6 Model 140 Stepping 2, GenuineIntel
TMP=C:\Users\Shao\AppData\Local\Temp
TEMP=C:\Users\Shao\AppData\Local\Temp




---------------  S Y S T E M  ---------------

OS:
 Windows 11 , 64 bit Build 22621 (10.0.22621.3374)
OS uptime: 13 days 2:58 hours

CPU: total 8 (initial active 8) (4 cores per cpu, 2 threads per core) family 6 model 140 stepping 2 microcode 0x2c, cx8, cmov, fxsr, ht, mmx, 3dnowpref, sse, sse2, sse3, ssse3, sse4.1, sse4.2, popcnt, lzcnt, tsc, tscinvbit, avx, avx2, aes, erms, clmul, bmi1, bmi2, adx, avx512f, avx512dq, avx512cd, avx512bw, avx512vl, sha, fma, vzeroupper, avx512_vpopcntdq, avx512_vpclmulqdq, avx512_vaes, avx512_vnni, clflush, clflushopt, clwb, avx512_vbmi2, avx512_vbmi, rdtscp, rdpid, fsrm, gfni, avx512_bitalg, f16c, pku, cet_ibt, cet_ss, avx512_ifma

Memory: 4k page, system-wide physical 16133M (5607M free)
TotalPageFile size 16133M (AvailPageFile size 4M)
current process WorkingSet (physical memory assigned to process): 39M, peak: 39M
current process commit charge ("private bytes"): 340M, peak: 340M

vm_info: Java HotSpot(TM) 64-Bit Server VM (20.0.1+9-29) for windows-amd64 JRE (20.0.1+9-29), built on 2023-03-07T13:56:11Z by "mach5one" with MS VC++ 17.1 (VS2022)

END.
