#
# There is insufficient memory for the Java Runtime Environment to continue.
# Native memory allocation (mmap) failed to map 266338304 bytes for G1 virtual space
# Possible reasons:
#   The system is out of physical RAM or swap space
#   The process is running with CompressedOops enabled, and the Java Heap may be blocking the growth of the native heap
# Possible solutions:
#   Reduce memory load on the system
#   Increase physical memory or swap space
#   Check if swap backing store is full
#   Decrease Java heap size (-Xmx/-Xms)
#   Decrease number of Java threads
#   Decrease Java thread stack sizes (-Xss)
#   Set larger code cache with -XX:ReservedCodeCacheSize=
#   JVM is running with Zero Based Compressed Oops mode in which the Java heap is
#     placed in the first 32GB address space. The Java Heap base address is the
#     maximum limit for the native heap growth. Please use -XX:HeapBaseMinAddress
#     to set the Java Heap base and to place the Java Heap above 32GB virtual address.
# This output file may be truncated or incomplete.
#
#  Out of Memory Error (os_windows.cpp:3528), pid=22632, tid=15952
#
# JRE version:  (20.0.1+9) (build )
# Java VM: Java HotSpot(TM) 64-Bit Server VM (20.0.1+9-29, mixed mode, sharing, tiered, compressed oops, compressed class ptrs, g1 gc, windows-amd64)
# No core dump will be written. Minidumps are not enabled by default on client versions of Windows
#

---------------  S U M M A R Y ------------

Command Line: -Dfile.encoding=UTF-8 --module-path=C:\Users\Shao\OneDrive\Y2S1\Data Structure and Algorithm\University\build\classes control.main

Host: 11th Gen Intel(R) Core(TM) i5-1155G7 @ 2.50GHz, 8 cores, 15G,  Windows 11 , 64 bit Build 22621 (10.0.22621.3374)
Time: Fri Apr 26 22:06:01 2024 Malay Peninsula Standard Time elapsed time: 0.015157 seconds (0d 0h 0m 0s)

---------------  T H R E A D  ---------------

Current thread (0x000001dc4601cbc0):  JavaThread "Unknown thread" [_thread_in_vm, id=15952, stack(0x000000c19af00000,0x000000c19b000000)]

Stack: [0x000000c19af00000,0x000000c19b000000]
Native frames: (J=compiled Java code, j=interpreted, Vv=VM code, C=native code)
V  [jvm.dll+0x6bb95a]
V  [jvm.dll+0x8485fa]
V  [jvm.dll+0x84a1f5]
V  [jvm.dll+0x84a8f3]
V  [jvm.dll+0x280b0f]
V  [jvm.dll+0x6b86e9]
V  [jvm.dll+0x6ad2da]
V  [jvm.dll+0x35adf5]
V  [jvm.dll+0x363016]
V  [jvm.dll+0x3b3b3e]
V  [jvm.dll+0x3b3dc5]
V  [jvm.dll+0x32b50a]
V  [jvm.dll+0x32c32b]
V  [jvm.dll+0x8112bf]
V  [jvm.dll+0x3c0d91]
V  [jvm.dll+0x7fcfe3]
V  [jvm.dll+0x44c76f]
V  [jvm.dll+0x44e0e1]
C  [jli.dll+0x5287]
C  [ucrtbase.dll+0x29333]
C  [KERNEL32.DLL+0x1257d]
C  [ntdll.dll+0x5aa48]


---------------  P R O C E S S  ---------------

Threads class SMR info:
_java_thread_list=0x00007ff88961a098, length=0, elements={
}

Java Threads: ( => current thread )

Other Threads:
  0x000001dc4608e860 WorkerThread "GC Thread#0" [stack: 0x000000c19b000000,0x000000c19b100000] [id=16204]
  0x000001dc4609f280 ConcurrentGCThread "G1 Main Marker" [stack: 0x000000c19b100000,0x000000c19b200000] [id=3416]
  0x000001dc4609fd50 WorkerThread "G1 Conc#0" [stack: 0x000000c19b200000,0x000000c19b300000] [id=9236]

[error occurred during error reporting (printing all threads), id 0xc0000005, EXCEPTION_ACCESS_VIOLATION (0xc0000005) at pc=0x00007ff888dfeb47]
VM state: not at safepoint (not fully initialized)

VM Mutex/Monitor currently owned by a thread:  ([mutex/lock_event])
[0x000001dc46017610] Heap_lock - owner thread: 0x000001dc4601cbc0

Heap address: 0x0000000703e00000, size: 4034 MB, Compressed Oops mode: Zero based, Oop shift amount: 3

CDS archive(s) mapped at: [0x0000000000000000-0x0000000000000000-0x0000000000000000), size 0, SharedBaseAddress: 0x0000000800000000, ArchiveRelocationMode: 0.
Narrow klass base: 0x0000000000000000, Narrow klass shift: 0, Narrow klass range: 0x0

GC Precious Log:
 CardTable entry size: 512
 Card Set container configuration: InlinePtr #cards 4 size 8 Array Of Cards #cards 16 size 48 Howl #buckets 8 coarsen threshold 3686 Howl Bitmap #cards 512 size 80 coarsen threshold 460 Card regions per heap region 1 cards per card region 4096

Heap:
 garbage-first heap   total 0K, used 0K [0x0000000703e00000, 0x0000000800000000)
  region size 2048K, 0 young (0K), 0 survivors (0K)

[error occurred during error reporting (printing heap information), id 0xc0000005, EXCEPTION_ACCESS_VIOLATION (0xc0000005) at pc=0x00007ff8891d3c59]
GC Heap History (0 events):
No events

Dll operation events (1 events):
Event: 0.009 Loaded shared library D:\Java\jdk-20\bin\java.dll

Deoptimization events (0 events):
No events

Classes loaded (0 events):
No events

Classes unloaded (0 events):
No events

Classes redefined (0 events):
No events

Internal exceptions (0 events):
No events

VM Operations (0 events):
No events

Events (0 events):
No events


Dynamic libraries:
0x00007ff7b1d80000 - 0x00007ff7b1d90000 	D:\Java\jdk-20\bin\java.exe
0x00007ff8e8510000 - 0x00007ff8e8726000 	C:\WINDOWS\SYSTEM32\ntdll.dll
0x00007ff8e7160000 - 0x00007ff8e7224000 	C:\WINDOWS\System32\KERNEL32.DLL
0x00007ff8e5d00000 - 0x00007ff8e60a7000 	C:\WINDOWS\System32\KERNELBASE.dll
0x00007ff8e59d0000 - 0x00007ff8e5ae1000 	C:\WINDOWS\System32\ucrtbase.dll
0x00007ff8b2ff0000 - 0x00007ff8b300b000 	D:\Java\jdk-20\bin\VCRUNTIME140.dll
0x00007ff8dda40000 - 0x00007ff8dda59000 	D:\Java\jdk-20\bin\jli.dll
0x00007ff8e7400000 - 0x00007ff8e74b2000 	C:\WINDOWS\System32\ADVAPI32.dll
0x00007ff8e8300000 - 0x00007ff8e83a7000 	C:\WINDOWS\System32\msvcrt.dll
0x00007ff8e6a60000 - 0x00007ff8e6b08000 	C:\WINDOWS\System32\sechost.dll
0x00007ff8e5af0000 - 0x00007ff8e5b18000 	C:\WINDOWS\System32\bcrypt.dll
0x00007ff8e6f40000 - 0x00007ff8e7055000 	C:\WINDOWS\System32\RPCRT4.dll
0x00007ff8e7860000 - 0x00007ff8e7a0e000 	C:\WINDOWS\System32\USER32.dll
0x00007ff8e5830000 - 0x00007ff8e5856000 	C:\WINDOWS\System32\win32u.dll
0x00007ff8c8930000 - 0x00007ff8c8bc3000 	C:\WINDOWS\WinSxS\amd64_microsoft.windows.common-controls_6595b64144ccf1df_6.0.22621.3235_none_270f74e173860f98\COMCTL32.dll
0x00007ff8e73c0000 - 0x00007ff8e73e9000 	C:\WINDOWS\System32\GDI32.dll
0x00007ff8e5be0000 - 0x00007ff8e5cf9000 	C:\WINDOWS\System32\gdi32full.dll
0x00007ff8e60b0000 - 0x00007ff8e614a000 	C:\WINDOWS\System32\msvcp_win.dll
0x00007ff8dca00000 - 0x00007ff8dca0a000 	C:\WINDOWS\SYSTEM32\VERSION.dll
0x00007ff8e7700000 - 0x00007ff8e7731000 	C:\WINDOWS\System32\IMM32.DLL
0x00007ff8ce960000 - 0x00007ff8ce96c000 	D:\Java\jdk-20\bin\vcruntime140_1.dll
0x00007ff892b60000 - 0x00007ff892bee000 	D:\Java\jdk-20\bin\msvcp140.dll
0x00007ff888ac0000 - 0x00007ff889757000 	D:\Java\jdk-20\bin\server\jvm.dll
0x00007ff8c3b20000 - 0x00007ff8c3b29000 	C:\WINDOWS\SYSTEM32\WSOCK32.dll
0x00007ff8dd8a0000 - 0x00007ff8dd8d4000 	C:\WINDOWS\SYSTEM32\WINMM.dll
0x00007ff8e6b10000 - 0x00007ff8e6b81000 	C:\WINDOWS\System32\ws2_32.DLL
0x00007ff8e4870000 - 0x00007ff8e4888000 	C:\WINDOWS\SYSTEM32\kernel.appcore.dll
0x00007ff8c9bb0000 - 0x00007ff8c9bba000 	D:\Java\jdk-20\bin\jimage.dll
0x00007ff8e2d30000 - 0x00007ff8e2f63000 	C:\WINDOWS\SYSTEM32\DBGHELP.DLL
0x00007ff8e66d0000 - 0x00007ff8e6a58000 	C:\WINDOWS\System32\combase.dll
0x00007ff8e7230000 - 0x00007ff8e7307000 	C:\WINDOWS\System32\OLEAUT32.dll
0x00007ff8bf350000 - 0x00007ff8bf382000 	C:\WINDOWS\SYSTEM32\dbgcore.DLL
0x00007ff8e61c0000 - 0x00007ff8e6239000 	C:\WINDOWS\System32\bcryptPrimitives.dll
0x00007ff8b6350000 - 0x00007ff8b6376000 	D:\Java\jdk-20\bin\java.dll

dbghelp: loaded successfully - version: 4.0.5 - missing functions: none
symbol engine: initialized successfully - sym options: 0x614 - pdb path: .;D:\Java\jdk-20\bin;C:\WINDOWS\SYSTEM32;C:\WINDOWS\WinSxS\amd64_microsoft.windows.common-controls_6595b64144ccf1df_6.0.22621.3235_none_270f74e173860f98;D:\Java\jdk-20\bin\server

VM Arguments:
jvm_args: -Dfile.encoding=UTF-8 --module-path=C:\Users\Shao\OneDrive\Y2S1\Data Structure and Algorithm\University\build\classes 
java_command: control.main
java_class_path (initial): C:\Users\Shao\OneDrive\Y2S1\Data Structure and Algorithm\University\build\classes
Launcher Type: SUN_STANDARD

[Global flags]
     intx CICompilerCount                          = 4                                         {product} {ergonomic}
     uint ConcGCThreads                            = 2                                         {product} {ergonomic}
     uint G1ConcRefinementThreads                  = 8                                         {product} {ergonomic}
   size_t G1HeapRegionSize                         = 2097152                                   {product} {ergonomic}
    uintx GCDrainStackTargetSize                   = 64                                        {product} {ergonomic}
   size_t InitialHeapSize                          = 266338304                                 {product} {ergonomic}
   size_t MarkStackSize                            = 4194304                                   {product} {ergonomic}
   size_t MaxHeapSize                              = 4229955584                                {product} {ergonomic}
   size_t MinHeapDeltaBytes                        = 2097152                                   {product} {ergonomic}
   size_t MinHeapSize                              = 8388608                                   {product} {ergonomic}
    uintx NonNMethodCodeHeapSize                   = 5839372                                {pd product} {ergonomic}
    uintx NonProfiledCodeHeapSize                  = 122909434                              {pd product} {ergonomic}
    uintx ProfiledCodeHeapSize                     = 122909434                              {pd product} {ergonomic}
    uintx ReservedCodeCacheSize                    = 251658240                              {pd product} {ergonomic}
     bool SegmentedCodeCache                       = true                                      {product} {ergonomic}
   size_t SoftMaxHeapSize                          = 4229955584                             {manageable} {ergonomic}
     bool UseCompressedClassPointers               = true                           {product lp64_product} {ergonomic}
     bool UseCompressedOops                        = true                           {product lp64_product} {ergonomic}
     bool UseG1GC                                  = true                                      {product} {ergonomic}
     bool UseLargePagesIndividualAllocation        = false                                  {pd product} {ergonomic}

Logging:
Log output configuration:
 #0: stdout all=warning uptime,level,tags foldmultilines=false
 #1: stderr all=off uptime,level,tags foldmultilines=false

Environment Variables:
PATH=C:\Users\Shao\Desktop\TarUMT\2023SEM2\Database\app\oracle\product\11.2.0\server\bin;;C:\Program Files\Common Files\Oracle\Java\javapath;C:\Program Files (x86)\Common Files\Oracle\Java\javapath;C:\ProgramData\Oracle\Java\javapath;C:\WINDOWS\system32;C:\WINDOWS;C:\WINDOWS\System32\Wbem;C:\WINDOWS\System32\WindowsPowerShell\v1.0\;C:\WINDOWS\System32\OpenSSH\;C:\Program Files (x86)\Windows Kits\10\Windows Performance Toolkit\;C:\Users\Shao\AppData\Local\Microsoft\WindowsApps;C:\Users\Shao\Desktop\TarUMT\Web Development\Microsoft VS Code\bin;C:\MinGW\bin;
USERNAME=Shao
OS=Windows_NT
PROCESSOR_IDENTIFIER=Intel64 Family 6 Model 140 Stepping 2, GenuineIntel
TMP=C:\Users\Shao\AppData\Local\Temp
TEMP=C:\Users\Shao\AppData\Local\Temp




---------------  S Y S T E M  ---------------

OS:
 Windows 11 , 64 bit Build 22621 (10.0.22621.3374)
OS uptime: 1 days 14:58 hours

CPU: total 8 (initial active 8) (4 cores per cpu, 2 threads per core) family 6 model 140 stepping 2 microcode 0x2c, cx8, cmov, fxsr, ht, mmx, 3dnowpref, sse, sse2, sse3, ssse3, sse4.1, sse4.2, popcnt, lzcnt, tsc, tscinvbit, avx, avx2, aes, erms, clmul, bmi1, bmi2, adx, avx512f, avx512dq, avx512cd, avx512bw, avx512vl, sha, fma, vzeroupper, avx512_vpopcntdq, avx512_vpclmulqdq, avx512_vaes, avx512_vnni, clflush, clflushopt, clwb, avx512_vbmi2, avx512_vbmi, rdtscp, rdpid, fsrm, gfni, avx512_bitalg, f16c, pku, cet_ibt, cet_ss, avx512_ifma

Memory: 4k page, system-wide physical 16133M (6824M free)
TotalPageFile size 16133M (AvailPageFile size 169M)
current process WorkingSet (physical memory assigned to process): 11M, peak: 11M
current process commit charge ("private bytes"): 60M, peak: 314M

vm_info: Java HotSpot(TM) 64-Bit Server VM (20.0.1+9-29) for windows-amd64 JRE (20.0.1+9-29), built on 2023-03-07T13:56:11Z by "mach5one" with MS VC++ 17.1 (VS2022)

END.
