#
# There is insufficient memory for the Java Runtime Environment to continue.
# Native memory allocation (mmap) failed to map 266338304 bytes for G1 virtual space
# Possible reasons:
#   The system is out of physical RAM or swap space
#   The process is running with CompressedOops enabled, and the Java Heap may be blocking the growth of the native heap
# Possible solutions:
#   Reduce memory load on the system
#   Increase physical memory or swap space
#   Check if swap backing store is full
#   Decrease Java heap size (-Xmx/-Xms)
#   Decrease number of Java threads
#   Decrease Java thread stack sizes (-Xss)
#   Set larger code cache with -XX:ReservedCodeCacheSize=
#   JVM is running with Zero Based Compressed Oops mode in which the Java heap is
#     placed in the first 32GB address space. The Java Heap base address is the
#     maximum limit for the native heap growth. Please use -XX:HeapBaseMinAddress
#     to set the Java Heap base and to place the Java Heap above 32GB virtual address.
# This output file may be truncated or incomplete.
#
#  Out of Memory Error (os_windows.cpp:3528), pid=8772, tid=19660
#
# JRE version:  (20.0.1+9) (build )
# Java VM: Java HotSpot(TM) 64-Bit Server VM (20.0.1+9-29, mixed mode, sharing, tiered, compressed oops, compressed class ptrs, g1 gc, windows-amd64)
# No core dump will be written. Minidumps are not enabled by default on client versions of Windows
#

---------------  S U M M A R Y ------------

Command Line: -Dfile.encoding=UTF-8 --module-path=C:\Users\Shao\OneDrive\Y2S1\Data Structure and Algorithm\ChowXingShao_LoiHuaiZu_SohKeeYhang_Vaysyathini_TeoHuaYing_RSW_G2\University\build\classes control.main

Host: 11th Gen Intel(R) Core(TM) i5-1155G7 @ 2.50GHz, 8 cores, 15G,  Windows 11 , 64 bit Build 22621 (10.0.22621.3374)
Time: Fri May  3 13:01:59 2024 Malay Peninsula Standard Time elapsed time: 0.008640 seconds (0d 0h 0m 0s)

---------------  T H R E A D  ---------------

Current thread (0x000001f78a76d170):  JavaThread "Unknown thread" [_thread_in_vm, id=19660, stack(0x000000a453c00000,0x000000a453d00000)]

Stack: [0x000000a453c00000,0x000000a453d00000]
Native frames: (J=compiled Java code, j=interpreted, Vv=VM code, C=native code)
V  [jvm.dll+0x6bb95a]
V  [jvm.dll+0x8485fa]
V  [jvm.dll+0x84a1f5]
V  [jvm.dll+0x84a8f3]
V  [jvm.dll+0x280b0f]
V  [jvm.dll+0x6b86e9]
V  [jvm.dll+0x6ad2da]
V  [jvm.dll+0x35adf5]
V  [jvm.dll+0x363016]
V  [jvm.dll+0x3b3b3e]
V  [jvm.dll+0x3b3dc5]
V  [jvm.dll+0x32b50a]
V  [jvm.dll+0x32c32b]
V  [jvm.dll+0x8112bf]
V  [jvm.dll+0x3c0d91]
V  [jvm.dll+0x7fcfe3]
V  [jvm.dll+0x44c76f]
V  [jvm.dll+0x44e0e1]
C  [jli.dll+0x5287]
C  [ucrtbase.dll+0x29333]
C  [KERNEL32.DLL+0x1257d]
C  [ntdll.dll+0x5aa48]


---------------  P R O C E S S  ---------------

Threads class SMR info:
_java_thread_list=0x00007ff83a45a098, length=0, elements={
}

Java Threads: ( => current thread )

Other Threads:
  0x000001f78a7df5d0 WorkerThread "GC Thread#0" [stack: 0x000000a453d00000,0x000000a453e00000] [id=6540]
  0x000001f78a7f00f0 ConcurrentGCThread "G1 Main Marker" [stack: 0x000000a453e00000,0x000000a453f00000] [id=15304]
  0x000001f78a7f0cc0 WorkerThread "G1 Conc#0" [stack: 0x000000a453f00000,0x000000a454000000] [id=23520]

[error occurred during error reporting (printing all threads), id 0xc0000005, EXCEPTION_ACCESS_VIOLATION (0xc0000005) at pc=0x00007ff839c3eb47]
VM state: not at safepoint (not fully initialized)

VM Mutex/Monitor currently owned by a thread:  ([mutex/lock_event])
[0x000001f78a768970] Heap_lock - owner thread: 0x000001f78a76d170

Heap address: 0x0000000703e00000, size: 4034 MB, Compressed Oops mode: Zero based, Oop shift amount: 3

CDS archive(s) mapped at: [0x0000000000000000-0x0000000000000000-0x0000000000000000), size 0, SharedBaseAddress: 0x0000000800000000, ArchiveRelocationMode: 0.
Narrow klass base: 0x0000000000000000, Narrow klass shift: 0, Narrow klass range: 0x0

GC Precious Log:
 CardTable entry size: 512
 Card Set container configuration: InlinePtr #cards 4 size 8 Array Of Cards #cards 16 size 48 Howl #buckets 8 coarsen threshold 3686 Howl Bitmap #cards 512 size 80 coarsen threshold 460 Card regions per heap region 1 cards per card region 4096

Heap:
 garbage-first heap   total 0K, used 0K [0x0000000703e00000, 0x0000000800000000)
  region size 2048K, 0 young (0K), 0 survivors (0K)

[error occurred during error reporting (printing heap information), id 0xc0000005, EXCEPTION_ACCESS_VIOLATION (0xc0000005) at pc=0x00007ff83a013c59]
GC Heap History (0 events):
No events

Dll operation events (1 events):
Event: 0.005 Loaded shared library D:\Java\jdk-20\bin\java.dll

Deoptimization events (0 events):
No events

Classes loaded (0 events):
No events

Classes unloaded (0 events):
No events

Classes redefined (0 events):
No events

Internal exceptions (0 events):
No events

VM Operations (0 events):
No events

Events (0 events):
No events


Dynamic libraries:
0x00007ff6ab190000 - 0x00007ff6ab1a0000 	D:\Java\jdk-20\bin\java.exe
0x00007ff920010000 - 0x00007ff920226000 	C:\WINDOWS\SYSTEM32\ntdll.dll
0x00007ff91eaa0000 - 0x00007ff91eb64000 	C:\WINDOWS\System32\KERNEL32.DLL
0x00007ff91d550000 - 0x00007ff91d8f7000 	C:\WINDOWS\System32\KERNELBASE.dll
0x00007ff91db10000 - 0x00007ff91dc21000 	C:\WINDOWS\System32\ucrtbase.dll
0x00007ff916880000 - 0x00007ff916899000 	D:\Java\jdk-20\bin\jli.dll
0x00007ff911540000 - 0x00007ff91155b000 	D:\Java\jdk-20\bin\VCRUNTIME140.dll
0x00007ff91e370000 - 0x00007ff91e422000 	C:\WINDOWS\System32\ADVAPI32.dll
0x00007ff91e110000 - 0x00007ff91e1b7000 	C:\WINDOWS\System32\msvcrt.dll
0x00007ff91fd60000 - 0x00007ff91fe08000 	C:\WINDOWS\System32\sechost.dll
0x00007ff91d330000 - 0x00007ff91d358000 	C:\WINDOWS\System32\bcrypt.dll
0x00007ff91dd40000 - 0x00007ff91de55000 	C:\WINDOWS\System32\RPCRT4.dll
0x00007ff91de60000 - 0x00007ff91e00e000 	C:\WINDOWS\System32\USER32.dll
0x00007ff91d900000 - 0x00007ff91d926000 	C:\WINDOWS\System32\win32u.dll
0x00007ff91e330000 - 0x00007ff91e359000 	C:\WINDOWS\System32\GDI32.dll
0x00007ff8fbb40000 - 0x00007ff8fbdd3000 	C:\WINDOWS\WinSxS\amd64_microsoft.windows.common-controls_6595b64144ccf1df_6.0.22621.3235_none_270f74e173860f98\COMCTL32.dll
0x00007ff91d930000 - 0x00007ff91da49000 	C:\WINDOWS\System32\gdi32full.dll
0x00007ff91dc30000 - 0x00007ff91dcca000 	C:\WINDOWS\System32\msvcp_win.dll
0x00007ff916cf0000 - 0x00007ff916cfa000 	C:\WINDOWS\SYSTEM32\VERSION.dll
0x00007ff91fd20000 - 0x00007ff91fd51000 	C:\WINDOWS\System32\IMM32.DLL
0x00007ff915900000 - 0x00007ff91590c000 	D:\Java\jdk-20\bin\vcruntime140_1.dll
0x00007ff8d5fd0000 - 0x00007ff8d605e000 	D:\Java\jdk-20\bin\msvcp140.dll
0x00007ff839900000 - 0x00007ff83a597000 	D:\Java\jdk-20\bin\server\jvm.dll
0x00007ff8f7a00000 - 0x00007ff8f7a09000 	C:\WINDOWS\SYSTEM32\WSOCK32.dll
0x00007ff9139c0000 - 0x00007ff9139f4000 	C:\WINDOWS\SYSTEM32\WINMM.dll
0x00007ff91fe10000 - 0x00007ff91fe81000 	C:\WINDOWS\System32\WS2_32.dll
0x00007ff91c370000 - 0x00007ff91c388000 	C:\WINDOWS\SYSTEM32\kernel.appcore.dll
0x00007ff8fb5f0000 - 0x00007ff8fb5fa000 	D:\Java\jdk-20\bin\jimage.dll
0x00007ff918530000 - 0x00007ff918763000 	C:\WINDOWS\SYSTEM32\DBGHELP.DLL
0x00007ff91f7b0000 - 0x00007ff91fb38000 	C:\WINDOWS\System32\combase.dll
0x00007ff91e010000 - 0x00007ff91e0e7000 	C:\WINDOWS\System32\OLEAUT32.dll
0x00007ff917ff0000 - 0x00007ff918022000 	C:\WINDOWS\SYSTEM32\dbgcore.DLL
0x00007ff91d360000 - 0x00007ff91d3d9000 	C:\WINDOWS\System32\bcryptPrimitives.dll
0x00007ff8f1ce0000 - 0x00007ff8f1d06000 	D:\Java\jdk-20\bin\java.dll

dbghelp: loaded successfully - version: 4.0.5 - missing functions: none
symbol engine: initialized successfully - sym options: 0x614 - pdb path: .;D:\Java\jdk-20\bin;C:\WINDOWS\SYSTEM32;C:\WINDOWS\WinSxS\amd64_microsoft.windows.common-controls_6595b64144ccf1df_6.0.22621.3235_none_270f74e173860f98;D:\Java\jdk-20\bin\server

VM Arguments:
jvm_args: -Dfile.encoding=UTF-8 --module-path=C:\Users\Shao\OneDrive\Y2S1\Data Structure and Algorithm\ChowXingShao_LoiHuaiZu_SohKeeYhang_Vaysyathini_TeoHuaYing_RSW_G2\University\build\classes 
java_command: control.main
java_class_path (initial): C:\Users\Shao\OneDrive\Y2S1\Data Structure and Algorithm\ChowXingShao_LoiHuaiZu_SohKeeYhang_Vaysyathini_TeoHuaYing_RSW_G2\University\build\classes
Launcher Type: SUN_STANDARD

[Global flags]
     intx CICompilerCount                          = 4                                         {product} {ergonomic}
     uint ConcGCThreads                            = 2                                         {product} {ergonomic}
     uint G1ConcRefinementThreads                  = 8                                         {product} {ergonomic}
   size_t G1HeapRegionSize                         = 2097152                                   {product} {ergonomic}
    uintx GCDrainStackTargetSize                   = 64                                        {product} {ergonomic}
   size_t InitialHeapSize                          = 266338304                                 {product} {ergonomic}
   size_t MarkStackSize                            = 4194304                                   {product} {ergonomic}
   size_t MaxHeapSize                              = 4229955584                                {product} {ergonomic}
   size_t MinHeapDeltaBytes                        = 2097152                                   {product} {ergonomic}
   size_t MinHeapSize                              = 8388608                                   {product} {ergonomic}
    uintx NonNMethodCodeHeapSize                   = 5839372                                {pd product} {ergonomic}
    uintx NonProfiledCodeHeapSize                  = 122909434                              {pd product} {ergonomic}
    uintx ProfiledCodeHeapSize                     = 122909434                              {pd product} {ergonomic}
    uintx ReservedCodeCacheSize                    = 251658240                              {pd product} {ergonomic}
     bool SegmentedCodeCache                       = true                                      {product} {ergonomic}
   size_t SoftMaxHeapSize                          = 4229955584                             {manageable} {ergonomic}
     bool UseCompressedClassPointers               = true                           {product lp64_product} {ergonomic}
     bool UseCompressedOops                        = true                           {product lp64_product} {ergonomic}
     bool UseG1GC                                  = true                                      {product} {ergonomic}
     bool UseLargePagesIndividualAllocation        = false                                  {pd product} {ergonomic}

Logging:
Log output configuration:
 #0: stdout all=warning uptime,level,tags foldmultilines=false
 #1: stderr all=off uptime,level,tags foldmultilines=false

Environment Variables:
PATH=C:\Users\Shao\Desktop\TarUMT\2023SEM2\Database\app\oracle\product\11.2.0\server\bin;;C:\Program Files\Common Files\Oracle\Java\javapath;C:\Program Files (x86)\Common Files\Oracle\Java\javapath;C:\ProgramData\Oracle\Java\javapath;C:\WINDOWS\system32;C:\WINDOWS;C:\WINDOWS\System32\Wbem;C:\WINDOWS\System32\WindowsPowerShell\v1.0\;C:\WINDOWS\System32\OpenSSH\;C:\Program Files (x86)\Windows Kits\10\Windows Performance Toolkit\;C:\Users\Shao\AppData\Local\Microsoft\WindowsApps;C:\Users\Shao\Desktop\TarUMT\Web Development\Microsoft VS Code\bin;C:\MinGW\bin;
USERNAME=Shao
OS=Windows_NT
PROCESSOR_IDENTIFIER=Intel64 Family 6 Model 140 Stepping 2, GenuineIntel
TMP=C:\Users\Shao\AppData\Local\Temp
TEMP=C:\Users\Shao\AppData\Local\Temp




---------------  S Y S T E M  ---------------

OS:
 Windows 11 , 64 bit Build 22621 (10.0.22621.3374)
OS uptime: 0 days 19:05 hours

CPU: total 8 (initial active 8) (4 cores per cpu, 2 threads per core) family 6 model 140 stepping 2 microcode 0x2c, cx8, cmov, fxsr, ht, mmx, 3dnowpref, sse, sse2, sse3, ssse3, sse4.1, sse4.2, popcnt, lzcnt, tsc, tscinvbit, avx, avx2, aes, erms, clmul, bmi1, bmi2, adx, avx512f, avx512dq, avx512cd, avx512bw, avx512vl, sha, fma, vzeroupper, avx512_vpopcntdq, avx512_vpclmulqdq, avx512_vaes, avx512_vnni, clflush, clflushopt, clwb, avx512_vbmi2, avx512_vbmi, rdtscp, rdpid, fsrm, gfni, avx512_bitalg, f16c, pku, cet_ibt, cet_ss, avx512_ifma

Memory: 4k page, system-wide physical 16133M (2714M free)
TotalPageFile size 16133M (AvailPageFile size 38M)
current process WorkingSet (physical memory assigned to process): 11M, peak: 11M
current process commit charge ("private bytes"): 60M, peak: 314M

vm_info: Java HotSpot(TM) 64-Bit Server VM (20.0.1+9-29) for windows-amd64 JRE (20.0.1+9-29), built on 2023-03-07T13:56:11Z by "mach5one" with MS VC++ 17.1 (VS2022)

END.
